1598907526835	mozrunner::runner	INFO	Running command: "C:\\Program Files\\Mozilla Firefox\\firefox.exe" "-marionette" "-foreground" "-no-remote" "-profile" "C:\\Users\\franc\\AppData\\Local\\Temp\\rust_mozprofile1Jc5j0"
1598907527506	addons.webextension.doh-rollout@mozilla.org	WARN	Loading extension 'doh-rollout@mozilla.org': Reading manifest: Invalid extension permission: networkStatus
1598907527934	addons.webextension.screenshots@mozilla.org	WARN	Loading extension 'screenshots@mozilla.org': Reading manifest: Invalid extension permission: mozillaAddons
1598907527934	addons.webextension.screenshots@mozilla.org	WARN	Loading extension 'screenshots@mozilla.org': Reading manifest: Invalid extension permission: telemetry
1598907527934	addons.webextension.screenshots@mozilla.org	WARN	Loading extension 'screenshots@mozilla.org': Reading manifest: Invalid extension permission: resource://pdf.js/
1598907527934	addons.webextension.screenshots@mozilla.org	WARN	Loading extension 'screenshots@mozilla.org': Reading manifest: Invalid extension permission: about:reader*
JavaScript error: resource://gre/modules/XULStore.jsm, line 66: Error: Can't find profile directory.
1598907530424	Marionette	INFO	Listening on port 54165
1598907530465	Marionette	WARN	TLS certificate errors will be ignored for this session
JavaScript warning: https://web.whatsapp.com/app.c524503b3888dab273d7.js, line 1: unreachable code after return statement
JavaScript warning: https://web.whatsapp.com/app.c524503b3888dab273d7.js, line 1: unreachable code after return statement
JavaScript warning: https://web.whatsapp.com/app.c524503b3888dab273d7.js, line 1: unreachable code after return statement
1598907533416	Marionette	INFO	Stopped listening on port 54165

###!!! [Child][RunMessage] Error: Channel closing: too late to send/recv, messages will be lost


###!!! [Child][MessageChannel::SendAndWait] Error: Channel error: cannot send/recv

1598907547755	mozrunner::runner	INFO	Running command: "C:\\Program Files\\Mozilla Firefox\\firefox.exe" "-marionette" "-foreground" "-no-remote" "-profile" "C:\\Users\\franc\\AppData\\Local\\Temp\\rust_mozprofilexSncgX"
1598907548087	addons.webextension.doh-rollout@mozilla.org	WARN	Loading extension 'doh-rollout@mozilla.org': Reading manifest: Invalid extension permission: networkStatus
1598907548497	addons.webextension.screenshots@mozilla.org	WARN	Loading extension 'screenshots@mozilla.org': Reading manifest: Invalid extension permission: mozillaAddons
1598907548497	addons.webextension.screenshots@mozilla.org	WARN	Loading extension 'screenshots@mozilla.org': Reading manifest: Invalid extension permission: telemetry
1598907548497	addons.webextension.screenshots@mozilla.org	WARN	Loading extension 'screenshots@mozilla.org': Reading manifest: Invalid extension permission: resource://pdf.js/
1598907548497	addons.webextension.screenshots@mozilla.org	WARN	Loading extension 'screenshots@mozilla.org': Reading manifest: Invalid extension permission: about:reader*
JavaScript error: resource://gre/modules/XULStore.jsm, line 66: Error: Can't find profile directory.
1598907550865	Marionette	INFO	Listening on port 54286
1598907551367	Marionette	WARN	TLS certificate errors will be ignored for this session
1598907565532	Marionette	INFO	Stopped listening on port 54286

###!!! [Child][RunMessage] Error: Channel closing: too late to send/recv, messages will be lost


###!!! [Child][MessageChannel::SendAndWait] Error: Channel error: cannot send/recv

1598907569999	mozrunner::runner	INFO	Running command: "C:\\Program Files\\Mozilla Firefox\\firefox.exe" "-marionette" "-foreground" "-no-remote" "-profile" "C:\\Users\\franc\\AppData\\Local\\Temp\\rust_mozprofile0oV2Jl"
1598907570305	addons.webextension.doh-rollout@mozilla.org	WARN	Loading extension 'doh-rollout@mozilla.org': Reading manifest: Invalid extension permission: networkStatus
1598907570692	addons.webextension.screenshots@mozilla.org	WARN	Loading extension 'screenshots@mozilla.org': Reading manifest: Invalid extension permission: mozillaAddons
1598907570693	addons.webextension.screenshots@mozilla.org	WARN	Loading extension 'screenshots@mozilla.org': Reading manifest: Invalid extension permission: telemetry
1598907570693	addons.webextension.screenshots@mozilla.org	WARN	Loading extension 'screenshots@mozilla.org': Reading manifest: Invalid extension permission: resource://pdf.js/
1598907570693	addons.webextension.screenshots@mozilla.org	WARN	Loading extension 'screenshots@mozilla.org': Reading manifest: Invalid extension permission: about:reader*
JavaScript error: resource://gre/modules/XULStore.jsm, line 66: Error: Can't find profile directory.
1598907572786	Marionette	INFO	Listening on port 54437
1598907573108	Marionette	WARN	TLS certificate errors will be ignored for this session
JavaScript error: https://s.yimg.com/oa/build/js/site-04253264.js, line 9: TypeError: containsClass: Invalid argument type
JavaScript error: https://s.yimg.com/oa/build/js/site-04253264.js, line 9: TypeError: containsClass: Invalid argument type
JavaScript error: https://s.yimg.com/oa/build/js/site-04253264.js, line 9: TypeError: containsClass: Invalid argument type
JavaScript error: https://s.yimg.com/oa/build/js/site-04253264.js, line 9: TypeError: containsClass: Invalid argument type
JavaScript error: https://s.yimg.com/oa/build/js/site-04253264.js, line 9: TypeError: containsClass: Invalid argument type
JavaScript error: https://s.yimg.com/oa/build/js/site-04253264.js, line 9: TypeError: containsClass: Invalid argument type
JavaScript error: https://s.yimg.com/oa/build/js/site-04253264.js, line 9: TypeError: containsClass: Invalid argument type
JavaScript error: https://s.yimg.com/oa/build/js/site-04253264.js, line 9: TypeError: containsClass: Invalid argument type
1598907592871	Marionette	INFO	Stopped listening on port 54437

###!!! [Child][RunMessage] Error: Channel closing: too late to send/recv, messages will be lost


###!!! [Child][MessageChannel::SendAndWait] Error: Channel error: cannot send/recv

1598907599443	mozrunner::runner	INFO	Running command: "C:\\Program Files\\Mozilla Firefox\\firefox.exe" "-marionette" "-foreground" "-no-remote" "-profile" "C:\\Users\\franc\\AppData\\Local\\Temp\\rust_mozprofile5ok0Kt"
1598907599754	addons.webextension.doh-rollout@mozilla.org	WARN	Loading extension 'doh-rollout@mozilla.org': Reading manifest: Invalid extension permission: networkStatus
1598907600167	addons.webextension.screenshots@mozilla.org	WARN	Loading extension 'screenshots@mozilla.org': Reading manifest: Invalid extension permission: mozillaAddons
1598907600168	addons.webextension.screenshots@mozilla.org	WARN	Loading extension 'screenshots@mozilla.org': Reading manifest: Invalid extension permission: telemetry
1598907600168	addons.webextension.screenshots@mozilla.org	WARN	Loading extension 'screenshots@mozilla.org': Reading manifest: Invalid extension permission: resource://pdf.js/
1598907600168	addons.webextension.screenshots@mozilla.org	WARN	Loading extension 'screenshots@mozilla.org': Reading manifest: Invalid extension permission: about:reader*
JavaScript error: resource://gre/modules/XULStore.jsm, line 66: Error: Can't find profile directory.
1598907602269	Marionette	INFO	Listening on port 54642
1598907602555	Marionette	WARN	TLS certificate errors will be ignored for this session
Extension error: SecurityError: Permission denied to access property "document" on cross-origin object undefined 153
[[Exception stack
activate@moz-extension://1e9e54be-f891-4a69-a883-43df4fb6703b/inspect.js:153:9
setOptions@moz-extension://1e9e54be-f891-4a69-a883-43df4fb6703b/inspect.js:61:12
Current stack
applySafeWithoutClone@resource://gre/modules/ExtensionCommon.jsm:620:13
applySafe@resource://gre/modules/ExtensionCommon.jsm:597:19
wrapPromise/<@resource://gre/modules/ExtensionCommon.jsm:827:22
]]
Extension error: SecurityError: Permission denied to access property "document" on cross-origin object undefined 153
[[Exception stack
activate@moz-extension://1e9e54be-f891-4a69-a883-43df4fb6703b/inspect.js:153:9
setOptions@moz-extension://1e9e54be-f891-4a69-a883-43df4fb6703b/inspect.js:61:12
Current stack
applySafeWithoutClone@resource://gre/modules/ExtensionCommon.jsm:620:13
applySafe@resource://gre/modules/ExtensionCommon.jsm:597:19
wrapPromise/<@resource://gre/modules/ExtensionCommon.jsm:827:22
]]
Extension error: SecurityError: Permission denied to access property "document" on cross-origin object undefined 153
[[Exception stack
activate@moz-extension://1e9e54be-f891-4a69-a883-43df4fb6703b/inspect.js:153:9
setOptions@moz-extension://1e9e54be-f891-4a69-a883-43df4fb6703b/inspect.js:61:12
Current stack
applySafeWithoutClone@resource://gre/modules/ExtensionCommon.jsm:620:13
applySafe@resource://gre/modules/ExtensionCommon.jsm:597:19
wrapPromise/<@resource://gre/modules/ExtensionCommon.jsm:827:22
]]
Extension error: SecurityError: Permission denied to access property "document" on cross-origin o1598907967567	Marionette	INFO	Stopped listening on port 55497

###!!! [Child][RunMessage] Error: Channel closing: too late to send/recv, messages will be lost


###!!! [Child][MessageChannel::SendAndWait] Error: Channel error: cannot send/recv

e/modules/ExtensionCommon.jsm:620:13
applySafe@resource://gre/modules/ExtensionCommon.jsm:597:19
wrapPromise/<@resource://gre/modules/ExtensionCommon.jsm:827:22
]]
Extension error: SecurityError: Permission denied to access property "document" on cross-origin object undefined 153
[[Exception stack
activate@moz-extension://1e9e54be-f891-4a69-a883-43df4fb6703b/inspect.js:153:9
setOptions@moz-extension://1e9e54be-f891-4a69-a883-43df4fb6703b/inspect.js:61:12
Current stack
applySafeWithoutClone@resource://gre/modules/ExtensionCommon.jsm:620:13
applySafe@resource://gre/modules/ExtensionCommon.jsm:597:19
wrapPromise/<@resource://gre/modules/ExtensionCommon.jsm:827:22
]]
Extension error: SecurityError: Permission denied to access property "document" on cross-origin object undefined 153
[[Exception stack
activate@moz-extension://1e9e54be-f891-4a69-a883-43df4fb6703b/inspect.js:153:9
setOptions@moz-extension://1e9e54be-f891-4a69-a883-43df4fb6703b/inspect.js:61:12
Current stack
applySafeWithoutClone@resource://gre/modules/ExtensionCommon.jsm:620:13
applySafe@resource://gre/modules/ExtensionCommon.jsm:597:19
wrapPromise/<@resource://gre/modules/ExtensionCommon.jsm:827:22
]]
Extension error: SecurityError: Permission denied to access property "document" on cross-origin object undefined 153
[[Exception stack
activate@moz-extension://1e9e54be-f891-4a69-a883-43df4fb6703b/inspect.js:153:9
setOptions@moz-extension://1e9e54be-f891-4a69-a883-43df4fb6703b/inspect.js:61:12
Current stack
applySafeWithoutClone@resource://gre/modules/ExtensionCommon.jsm:620:13
applySafe@resource://gre/modules/ExtensionCommon.jsm:597:19
wrapPromise/<@resource://gre/modules/ExtensionCommon.jsm:827:22
]]
Extension error: SecurityError: Permission denied to access property "document" on cross-origin object undefined 153
[[Exception stack
activate@moz-extension://1e9e54be-f891-4a69-a883-43df4fb6703b/inspect.js:153:9
setOptions@moz-extension://1e9e54be-f891-4a69-a883-43df4fb6703b/inspect.js:61:12
Current stack
applySafeWithoutClone@resource://gre/modules/ExtensionCommon.jsm:620:13
applySafe@resource://gre/modules/ExtensionCommon.jsm:597:19
wrapPromise/<@resource://gre/modules/ExtensionCommon.jsm:827:22
]]
Extension error: SecurityError: Permission denied to access property "document" on cross-origin object undefined 153
[[Exception stack
activate@moz-extension://1e9e54be-f891-4a69-a883-43df4fb6703b/inspect.js:153:9
setOptions@moz-extension://1e9e54be-f891-4a69-a883-43df4fb6703b/inspect.js:61:12
Current stack
applySafeWithoutClone@resource://gre/modules/ExtensionCommon.jsm:620:13
applySafe@resource://gre/modules/ExtensionCommon.jsm:597:19
wrapPromise/<@resource://gre/modules/ExtensionCommon.jsm:827:22
]]
JavaScript error: moz-extension://1e9e54be-f891-4a69-a883-43df4fb6703b/background.js, line 10: Error: Permission denied to access property "document" on cross-origin object
Extension error: SecurityError: Permission denied to access property "document" on cross-origin object undefined 153
[[Exception stack
activate@moz-extension://1e9e54be-f891-4a69-a883-43df4fb6703b/inspect.js:153:9
setOptions@moz-extension://1e9e54be-f891-4a69-a883-43df4fb6703b/inspect.js:61:12
Current stack
applySafeWithoutClone@resource://gre/modules/ExtensionCommon.jsm:620:13
applySafe@resource://gre/modules/ExtensionCommon.jsm:597:19
wrapPromise/<@resource://gre/modules/ExtensionCommon.jsm:827:22
]]
Extension error: SecurityError: Permission denied to access property "document" on cross-origin object undefined 153
[[Exception stack
activate@moz-extension://1e9e54be-f891-4a69-a883-43df4fb6703b/inspect.js:153:9
setOptions@moz-extension://1e9e54be-f891-4a69-a883-43df4fb6703b/inspect.js:61:12
Current stack
applySafeWithoutClone@resource://gre/modules/ExtensionCommon.jsm:620:13
applySafe@resource://gre/modules/ExtensionCommon.jsm:597:19
wrapPromise/<@resource://gre/modules/ExtensionCommon.jsm:827:22
]]
Extension error: SecurityError: Permission denied to access property "document" on cross-origin object undefined 153
[[Exception stack
activate@moz-extension://1e9e54be-f891-4a69-a883-43df4fb6703b/inspect.js:153:9
setOptions@moz-extension://1e9e54be-f891-4a69-a883-43df4fb6703b/inspect.js:61:12
Current stack
applySafeWithoutClone@resource://gre/modules/ExtensionCommon.jsm:620:13
applySafe@resource://gre/modules/ExtensionCommon.jsm:597:19
wrapPromise/<@resource://gre/modules/ExtensionCommon.jsm:827:22
]]
Extension error: SecurityError: Permission denied to access property "document" on cross-origin object undefined 153
[[Exception stack
activate@moz-extension://1e9e54be-f891-4a69-a883-43df4fb6703b/inspect.js:153:9
setOptions@moz-extension://1e9e54be-f891-4a69-a883-43df4fb6703b/inspect.js:61:12
Current stack
applySafeWithoutClone@resource://gre/modules/ExtensionCommon.jsm:620:13
applySafe@resource://gre/modules/ExtensionCommon.jsm:597:19
wrapPromise/<@resource://gre/modules/ExtensionCommon.jsm:827:22
]]
Extension error: SecurityError: Permission denied to access property "document" on cross-origin object undefined 153
[[Exception stack
activate@moz-extension://1e9e54be-f891-4a69-a883-43df4fb6703b/inspect.js:153:9
setOptions@moz-extension://1e9e54be-f891-4a69-a883-43df4fb6703b/inspect.js:61:12
Current stack
applySafeWithoutClone@resource://gre/modules/ExtensionCommon.jsm:620:13
applySafe@resource://gre/modules/ExtensionCommon.jsm:597:19
wrapPromise/<@resource://gre/modules/ExtensionCommon.jsm:827:22
]]
Extension error: SecurityError: Permission denied to access property "document" on cross-origin object undefined 153
[[Exception stack
activate@moz-extension://1e9e54be-f891-4a69-a883-43df4fb6703b/inspect.js:153:9
setOptions@moz-extension://1e9e54be-f891-4a69-a883-43df4fb6703b/inspect.js:61:12
Current stack
applySafeWithoutClone@resource://gre/modules/ExtensionCommon.jsm:620:13
applySafe@resource://gre/modules/ExtensionCommon.jsm:597:19
wrapPromise/<@resource://gre/modules/ExtensionCommon.jsm:827:22
]]
Extension error: SecurityError: Permission denied to access property "document" on cross-origin object undefined 153
[[Exception stack
activate@moz-extension://1e9e54be-f891-4a69-a883-43df4fb6703b/inspect.js:153:9
setOptions@moz-extension://1e9e54be-f891-4a69-a883-43df4fb6703b/inspect.js:61:12
Current stack
applySafeWithoutClone@resource://gre/modules/ExtensionCommon.jsm:620:13
applySafe@resource://gre/modules/ExtensionCommon.jsm:597:19
wrapPromise/<@resource://gre/modules/ExtensionCommon.jsm:827:22
]]
Extension error: SecurityError: Permission denied to access property "document" on cross-origin object undefined 153
[[Exception stack
activate@moz-extension://1e9e54be-f891-4a69-a883-43df4fb6703b/inspect.js:153:9
setOptions@moz-extension://1e9e54be-f891-4a69-a883-43df4fb6703b/inspect.js:61:12
Current stack
applySafeWithoutClone@resource://gre/modules/ExtensionCommon.jsm:620:13
applySafe@resource://gre/modules/ExtensionCommon.jsm:597:19
wrapPromise/<@resource://gre/modules/ExtensionCommon.jsm:827:22
]]
Extension error: SecurityError: Permission denied to access property "document" on cross-origin object undefined 153
[[Exception stack
activate@moz-extension://1e9e54be-f891-4a69-a883-43df4fb6703b/inspect.js:153:9
setOptions@moz-extension://1e9e54be-f891-4a69-a883-43df4fb6703b/inspect.js:61:12
Current stack
applySafeWithoutClone@resource://gre/modules/ExtensionCommon.jsm:620:13
applySafe@resource://gre/modules/ExtensionCommon.jsm:597:19
wrapPromise/<@resource://gre/modules/ExtensionCommon.jsm:827:22
]]
Extension error: SecurityError: Permission denied to access property "document" on cross-origin object undefined 153
[[Exception stack
activate@moz-extension://1e9e54be-f891-4a69-a883-43df4fb6703b/inspect.js:153:9
setOptions@moz-extension://1e9e54be-f891-4a69-a883-43df4fb6703b/inspect.js:61:12
Current stack
applySafeWithoutClone@resource://gre/modules/ExtensionCommon.jsm:620:13
applySafe@resource://gre/modules/ExtensionCommon.jsm:597:19
wrapPromise/<@resource://gre/modules/ExtensionCommon.jsm:827:22
]]
JavaScript error: moz-extension://1e9e54be-f891-4a69-a883-43df4fb6703b/background.js, line 10: Error: Permission denied to access property "document" on cross-origin object
Extension error: SecurityError: Permission denied to access property "document" on cross-origin object undefined 153
[[Exception stack
activate@moz-extension://1e9e54be-f891-4a69-a883-43df4fb6703b/inspect.js:153:9
setOptions@moz-extension://1e9e54be-f891-4a69-a883-43df4fb6703b/inspect.js:61:12
Current stack
applySafeWithoutClone@resource://gre/modules/ExtensionCommon.jsm:620:13
applySafe@resource://gre/modules/ExtensionCommon.jsm:597:19
wrapPromise/<@resource://gre/modules/ExtensionCommon.jsm:827:22
]]
Extension error: SecurityError: Permission denied to access property "document" on cross-origin object undefined 153
[[Exception stack
activate@moz-extension://1e9e54be-f891-4a69-a883-43df4fb6703b/inspect.js:153:9
setOptions@moz-extension://1e9e54be-f891-4a69-a883-43df4fb6703b/inspect.js:61:12
Current stack
applySafeWithoutClone@resource://gre/modules/ExtensionCommon.jsm:620:13
applySafe@resource://gre/modules/ExtensionCommon.jsm:597:19
wrapPromise/<@resource://gre/modules/ExtensionCommon.jsm:827:22
]]
Extension error: SecurityError: Permission denied to access property "document" on cross-origin object undefined 153
[[Exception stack
activate@moz-extension://1e9e54be-f891-4a69-a883-43df4fb6703b/inspect.js:153:9
setOptions@moz-extension://1e9e54be-f891-4a69-a883-43df4fb6703b/inspect.js:61:12
Current stack
applySafeWithoutClone@resource://gre/modules/ExtensionCommon.jsm:620:13
applySafe@resource://gre/modules/ExtensionCommon.jsm:597:19
wrapPromise/<@resource://gre/modules/ExtensionCommon.jsm:827:22
]]
Extension error: SecurityError: Permission denied to access property "document" on cross-origin object undefined 153
[[Exception stack
activate@moz-extension://1e9e54be-f891-4a69-a883-43df4fb6703b/inspect.js:153:9
setOptions@moz-extension://1e9e54be-f891-4a69-a883-43df4fb6703b/inspect.js:61:12
Current stack
applySafeWithoutClone@resource://gre/modules/ExtensionCommon.jsm:620:13
applySafe@resource://gre/modules/ExtensionCommon.jsm:597:19
wrapPromise/<@resource://gre/modules/ExtensionCommon.jsm:827:22
]]
Extension error: SecurityError: Permission denied to access property "document" on cross-origin object undefined 153
[[Exception stack
activate@moz-extension://1e9e54be-f891-4a69-a883-43df4fb6703b/inspect.js:153:9
setOptions@moz-extension://1e9e54be-f891-4a69-a883-43df4fb6703b/inspect.js:61:12
Current stack
applySafeWithoutClone@resource://gre/modules/ExtensionCommon.jsm:620:13
applySafe@resource://gre/modules/ExtensionCommon.jsm:597:19
wrapPromise/<@resource://gre/modules/ExtensionCommon.jsm:827:22
]]
Extension error: SecurityError: Permission denied to access property "document" on cross-origin object undefined 153
[[Exception stack
activate@moz-extension://1e9e54be-f891-4a69-a883-43df4fb6703b/inspect.js:153:9
setOptions@moz-extension://1e9e54be-f891-4a69-a883-43df4fb6703b/inspect.js:61:12
Current stack
applySafeWithoutClone@resource://gre/modules/ExtensionCommon.jsm:620:13
applySafe@resource://gre/modules/ExtensionCommon.jsm:597:19
wrapPromise/<@resource://gre/modules/ExtensionCommon.jsm:827:22
]]
Extension error: SecurityError: Permission denied to access property "document" on cross-origin object undefined 153
[[Exception stack
activate@moz-extension://1e9e54be-f891-4a69-a883-43df4fb6703b/inspect.js:153:9
setOptions@moz-extension://1e9e54be-f891-4a69-a883-43df4fb6703b/inspect.js:61:12
Current stack
applySafeWithoutClone@resource://gre/modules/ExtensionCommon.jsm:620:13
applySafe@resource://gre/modules/ExtensionCommon.jsm:597:19
wrapPromise/<@resource://gre/modules/ExtensionCommon.jsm:827:22
]]
Extension error: SecurityError: Permission denied to access property "document" on cross-origin object undefined 153
[[Exception stack
activate@moz-extension://1e9e54be-f891-4a69-a883-43df4fb6703b/inspect.js:153:9
setOptions@moz-extension://1e9e54be-f891-4a69-a883-43df4fb6703b/inspect.js:61:12
Current stack
applySafeWithoutClone@resource://gre/modules/ExtensionCommon.jsm:620:13
applySafe@resource://gre/modules/ExtensionCommon.jsm:597:19
wrapPromise/<@resource://gre/modules/ExtensionCommon.jsm:827:22
]]
Extension error: SecurityError: Permission denied to access property "document" on cross-origin object undefined 153
[[Exception stack
activate@moz-extension://1e9e54be-f891-4a69-a883-43df4fb6703b/inspect.js:153:9
setOptions@moz-extension://1e9e54be-f891-4a69-a883-43df4fb6703b/inspect.js:61:12
Current stack
applySafeWithoutClone@resource://gre/modules/ExtensionCommon.jsm:620:13
applySafe@resource://gre/modules/ExtensionCommon.jsm:597:19
wrapPromise/<@resource://gre/modules/ExtensionCommon.jsm:827:22
]]
Extension error: SecurityError: Permission denied to access property "document" on cross-origin object undefined 153
[[Exception stack
activate@moz-extension://1e9e54be-f891-4a69-a883-43df4fb6703b/inspect.js:153:9
setOptions@moz-extension://1e9e54be-f891-4a69-a883-43df4fb6703b/inspect.js:61:12
Current stack
applySafeWithoutClone@resource://gre/modules/ExtensionCommon.jsm:620:13
applySafe@resource://gre/modules/ExtensionCommon.jsm:597:19
wrapPromise/<@resource://gre/modules/ExtensionCommon.jsm:827:22
]]
JavaScript error: moz-extension://1e9e54be-f891-4a69-a883-43df4fb6703b/background.js, line 10: Error: Permission denied to access property "document" on cross-origin object
JavaScript error: https://s.yimg.com/uc/finance/dd-site/js/vendor.7e40d0fcfb5084e63ec3.modern.js, line 2: Error: {"output":{"message":"request failed"},"meta":{}}
JavaScript error: https://s.yimg.com/uc/finance/dd-site/js/vendor.7e40d0fcfb5084e63ec3.modern.js, line 2: Error: {"output":{"message":"request failed"},"meta":{}}
1598910504407	Marionette	INFO	Stopped listening on port 54642

###!!! [Child][MessageChannel::SendAndWait] Error: Channel error: cannot send/recv

pector/shared/style-change-tracker.js:67:24
onMutations@resource://devtools/client/inspector/shared/style-change-tracker.js:84:41
_emit@resource://devtools/shared/event-emitter.js:226:34
emit@resource://devtools/shared/event-emitter.js:172:18
emit@resource://devtools/shared/event-emitter.js:324:18
getMutations@resource://devtools/client/fronts/walker.js:402:10

console.error: (new TypeError("parent is null", "resource://devtools/client/inspector/shared/style-change-tracker.js", 67))
TypeError: parent is null: canMutationImpactCurrentStyles@resource://devtools/client/inspector/shared/style-change-tracker.js:67:24
onMutations@resource://devtools/client/inspector/shared/style-change-tracker.js:84:41
_emit@resource://devtools/shared/event-emitter.js:226:34
emit@resource://devtools/shared/event-emitter.js:172:18
emit@resource://devtools/shared/event-emitter.js:324:18
getMutations@resource://devtools/client/fronts/walker.js:402:10

console.error: (new TypeError("parent is null", "resource://devtools/client/inspector/shared/style-change-tracker.js", 67))
TypeError: parent is null: canMutationImpactCurrentStyles@resource://devtools/client/inspector/shared/style-change-tracker.js:67:24
onMutations@resource://devtools/client/inspector/shared/style-change-tracker.js:84:41
_emit@resource://devtools/shared/event-emitter.js:226:34
emit@resource://devtools/shared/event-emitter.js:172:18
emit@resource://devtools/shared/event-emitter.js:324:18
getMutations@resource://devtools/client/fronts/walker.js:402:10

console.error: (new TypeError("parent is null", "resource://devtools/client/inspector/shared/style-change-tracker.js", 67))
TypeError: parent is null: canMutationImpactCurrentStyles@resource://devtools/client/inspector/shared/style-change-tracker.js:67:24
onMutations@resource://devtools/client/inspector/shared/style-change-tracker.js:84:41
_emit@resource://devtools/shared/event-emitter.js:226:34
emit@resource://devtools/shared/event-emitter.js:172:18
emit@resource://devtools/shared/event-emitter.js:324:18
getMutations@resource://devtools/client/fronts/walker.js:402:10

console.error: (new TypeError("parent is null", "resource://devtools/client/inspector/shared/style-change-tracker.js", 67))
TypeError: parent is null: canMutationImpactCurrentStyles@resource://devtools/client/inspector/shared/style-change-tracker.js:67:24
onMutations@resource://devtools/client/inspector/shared/style-change-tracker.js:84:41
_emit@resource://devtools/shared/event-emitter.js:226:34
emit@resource://devtools/shared/event-emitter.js:172:18
emit@resource://devtools/shared/event-emitter.js:324:18
getMutations@resource://devtools/client/fronts/walker.js:402:10

console.error: (new TypeError("parent is null", "resource://devtools/client/inspector/shared/style-change-tracker.js", 67))
TypeError: parent is null: canMutationImpactCurrentStyles@resource://devtools/client/inspector/shared/style-change-tracker.js:67:24
onMutations@resource://devtools/client/inspector/shared/style-change-tracker.js:84:41
_emit@resource://devtools/shared/event-emitter.js:226:34
emit@resource://devtools/shared/event-emitter.js:172:18
emit@resource://devtools/shared/event-emitter.js:324:18
getMutations@resource://devtools/client/fronts/walker.js:402:10

console.error: (new TypeError("parent is null", "resource://devtools/client/inspector/shared/style-change-tracker.js", 67))
TypeError: parent is null: canMutationImpactCurrentStyles@resource://devtools/client/inspector/shared/style-change-tracker.js:67:24
onMutations@resource://devtools/client/inspector/shared/style-change-tracker.js:84:41
_emit@resource://devtools/shared/event-emitter.js:226:34
emit@resource://devtools/shared/event-emitter.js:172:18
emit@resource://devtools/shared/event-emitter.js:324:18
getMutations@resource://devtools/client/fronts/walker.js:402:10

console.error: (new TypeError("parent is null", "resource://devtools/client/inspector/shared/style-change-tracker.js", 67))
TypeError: parent is null: canMutationImpactCurrentStyles@resource://devtools/client/inspector/shared/style-change-tracker.js:67:24
onMutations@resource://devtools/client/inspector/shared/style-change-tracker.js:84:41
_emit@resource://devtools/shared/event-emitter.js:226:34
emit@resource://devtools/shared/event-emitter.js:172:18
emit@resource://devtools/shared/event-emitter.js:324:18
getMutations@resource://devtools/client/fronts/walker.js:402:10

console.error: (new TypeError("parent is null", "resource://devtools/client/inspector/shared/style-change-tracker.js", 67))
TypeError: parent is null: canMutationImpactCurrentStyles@resource://devtools/client/inspector/shared/style-change-tracker.js:67:24
onMutations@resource://devtools/client/inspector/shared/style-change-tracker.js:84:41
_emit@resource://devtools/shared/event-emitter.js:226:34
emit@resource://devtools/shared/event-emitter.js:172:18
emit@resource://devtools/shared/event-emitter.js:324:18
getMutations@resource://devtools/client/fronts/walker.js:402:10

1598908242209	Marionette	INFO	Stopped listening on port 63542

###!!! [Child][RunMessage] Error: Channel closing: too late to send/recv, messages will be lost


###!!! [Child][MessageChannel::SendAndWait] Error: Channel error: cannot send/recv

1598908508806	mozrunner::runner	INFO	Running command: "C:\\Program Files\\Mozilla Firefox\\firefox.exe" "-marionette" "-foreground" "-no-remote" "-profile" "C:\\Users\\franc\\AppData\\Local\\Temp\\rust_mozprofileIWe71r"
1598908509143	addons.webextension.doh-rollout@mozilla.org	WARN	Loading extension 'doh-rollout@mozilla.org': Reading manifest: Invalid extension permission: networkStatus
1598908509593	addons.webextension.screenshots@mozilla.org	WARN	Loading extension 'screenshots@mozilla.org': Reading manifest: Invalid extension permission: mozillaAddons
1598908509593	addons.webextension.screenshots@mozilla.org	WARN	Loading extension 'screenshots@mozilla.org': Reading manifest: Invalid extension permission: telemetry
1598908509593	addons.webextension.screenshots@mozilla.org	WARN	Loading extension 'screenshots@mozilla.org': Reading manifest: Invalid extension permission: resource://pdf.js/
1598908509593	addons.webextension.screenshots@mozilla.org	WARN	Loading extension 'screenshots@mozilla.org': Reading manifest: Invalid extension permission: about:reader*
JavaScript error: resource://gre/modules/XULStore.jsm, line 66: Error: Can't find profile directory.
1598908511912	Marionette	INFO	Listening on port 64806
1598908511918	Marionette	WARN	TLS certificate errors will be ignored for this session
JavaScript error: https://s.yimg.com/uc/finance/dd-site/js/vendor.7e40d0fcfb5084e63ec3.modern.js, line 2: Error: {"output":{"message":"request failed"},"meta":{}}
JavaScript error: https://s.yimg.com/uc/finance/dd-site/js/vendor.7e40d0fcfb5084e63ec3.modern.js, line 2: Error: {"output":{"message":"request failed"},"meta":{}}
1598908538016	Marionette	INFO	Stopped listening on port 64806

###!!! [Child][RunMessage] Error: Channel closing: too late to send/recv, messages will be lost


###!!! [Child][MessageChannel::SendAndWait] Error: Channel error: cannot send/recv

1598908541589	mozrunner::runner	INFO	Running command: "C:\\Program Files\\Mozilla Firefox\\firefox.exe" "-marionette" "-foreground" "-no-remote" "-profile" "C:\\Users\\franc\\AppData\\Local\\Temp\\rust_mozprofileXhUdWu"
1598908541921	addons.webextension.doh-rollout@mozilla.org	WARN	Loading extension 'doh-rollout@mozilla.org': Reading manifest: Invalid extension permission: networkStatus
1598908542357	addons.webextension.screenshots@mozilla.org	WARN	Loading extension 'screenshots@mozilla.org': Reading manifest: Invalid extension permission: mozillaAddons
1598908542357	addons.webextension.screenshots@mozilla.org	WARN	Loading extension 'screenshots@mozilla.org': Reading manifest: Invalid extension permission: telemetry
1598908542357	addons.webextension.screenshots@mozilla.org	WARN	Loading extension 'screenshots@mozilla.org': Reading manifest: Invalid extension permission: resource://pdf.js/
1598908542357	addons.webextension.screenshots@mozilla.org	WARN	Loading extension 'screenshots@mozilla.org': Reading manifest: Invalid extension permission: about:reader*
JavaScript error: resource://gre/modules/XULStore.jsm, line 66: Error: Can't find profile directory.
1598908544515	Marionette	INFO	Listening on port 64985
1598908544700	Marionette	WARN	TLS certificate errors will be ignored for this session
1598908561851	Marionette	INFO	Stopped listening on port 64985

###!!! [Child][RunMessage] Error: Channel closing: too late to send/recv, messages will be lost


###!!! [Child][MessageChannel::SendAndWait] Error: Channel error: cannot send/recv

1598908597757	mozrunner::runner	INFO	Running command: "C:\\Program Files\\Mozilla Firefox\\firefox.exe" "-marionette" "-foreground" "-no-remote" "-profile" "C:\\Users\\franc\\AppData\\Local\\Temp\\rust_mozprofileoMiOxj"
1598908598089	addons.webextension.doh-rollout@mozilla.org	WARN	Loading extension 'doh-rollout@mozilla.org': Reading manifest: Invalid extension permission: networkStatus
1598908598509	addons.webextension.screenshots@mozilla.org	WARN	Loading extension 'screenshots@mozilla.org': Reading manifest: Invalid extension permission: mozillaAddons
1598908598509	addons.webextension.screenshots@mozilla.org	WARN	Loading extension 'screenshots@mozilla.org': Reading manifest: Invalid extension permission: telemetry
1598908598510	addons.webextension.screenshots@mozilla.org	WARN	Loading extension 'screenshots@mozilla.org': Reading manifest: Invalid extension permission: resource://pdf.js/
1598908598510	addons.webextension.screenshots@mozilla.org	WARN	Loading extension 'screenshots@mozilla.org': Reading manifest: Invalid extension permission: about:reader*
JavaScript error: resource://gre/modules/XULStore.jsm, line 66: Error: Can't find profile directory.
1598908600977	Marionette	INFO	Listening on port 65287
1598908601367	Marionette	WARN	TLS certificate errors will be ignored for this session

###!!! [Child][MessageChannel] Error: (msgtype=0x6A0029,name=PNecko::Msg_RemoveRequestContext) Channel closing: too late to send/recv, messages will be lost


###!!! [Child][RunMessage] Error: Channel closing: too late to send/recv, messages will be lost

1598908612250	Marionette	INFO	Stopped listening on port 65287

###!!! [Child][RunMessage] Error: Channel closing: too late to send/recv, messages will be lost


###!!! [Child][MessageChannel::SendAndWait] Error: Channel error: cannot send/recv

1598908617562	mozrunner::runner	INFO	Running command: "C:\\Program Files\\Mozilla Firefox\\firefox.exe" "-marionette" "-foreground" "-no-remote" "-profile" "C:\\Users\\franc\\AppData\\Local\\Temp\\rust_mozprofileLAnul6"
1598908617884	addons.webextension.doh-rollout@mozilla.org	WARN	Loading extension 'doh-rollout@mozilla.org': Reading manifest: Invalid extension permission: networkStatus
1598908618290	addons.webextension.screenshots@mozilla.org	WARN	Loading extension 'screenshots@mozilla.org': Reading manifest: Invalid extension permission: mozillaAddons
1598908618290	addons.webextension.screenshots@mozilla.org	WARN	Loading extension 'screenshots@mozilla.org': Reading manifest: Invalid extension permission: telemetry
1598908618291	addons.webextension.screenshots@mozilla.org	WARN	Loading extension 'screenshots@mozilla.org': Reading manifest: Invalid extension permission: resource://pdf.js/
1598908618291	addons.webextension.screenshots@mozilla.org	WARN	Loading extension 'screenshots@mozilla.org': Reading manifest: Invalid extension permission: about:reader*
JavaScript error: resource://gre/modules/XULStore.jsm, line 66: Error: Can't find profile directory.
1598908620437	Marionette	INFO	Listening on port 65448
1598908620684	Marionette	WARN	TLS certificate errors will be ignored for this session
JavaScript error: https://s.yimg.com/uc/finance/dd-site/js/vendor.7e40d0fcfb5084e63ec3.modern.js, line 2: Error: {"output":{"message":"request failed"},"meta":{}}
JavaScript error: https://s.yimg.com/uc/finance/dd-site/js/vendor.7e40d0fcfb5084e63ec3.modern.js, line 2: Error: {"output":{"message":"request failed"},"meta":{}}
1598908632059	Marionette	INFO	Stopped listening on port 65448

###!!! [Child][RunMessage] Error: Channel closing: too late to send/recv, messages will be lost


###!!! [Child][MessageChannel::SendAndWait] Error: Channel error: cannot send/recv

1598908635897	mozrunner::runner	INFO	Running command: "C:\\Program Files\\Mozilla Firefox\\firefox.exe" "-marionette" "-foreground" "-no-remote" "-profile" "C:\\Users\\franc\\AppData\\Local\\Temp\\rust_mozprofileM7cxv6"
1598908636230	addons.webextension.doh-rollout@mozilla.org	WARN	Loading extension 'doh-rollout@mozilla.org': Reading manifest: Invalid extension permission: networkStatus
1598908636645	addons.webextension.screenshots@mozilla.org	WARN	Loading extension 'screenshots@mozilla.org': Reading manifest: Invalid extension permission: mozillaAddons
1598908636645	addons.webextension.screenshots@mozilla.org	WARN	Loading extension 'screenshots@mozilla.org': Reading manifest: Invalid extension permission: telemetry
1598908636645	addons.webextension.screenshots@mozilla.org	WARN	Loading extension 'screenshots@mozilla.org': Reading manifest: Invalid extension permission: resource://pdf.js/
1598908636645	addons.webextension.screenshots@mozilla.org	WARN	Loading extension 'screenshots@mozilla.org': Reading manifest: Invalid extension permission: about:reader*
JavaScript error: resource://gre/modules/XULStore.jsm, line 66: Error: Can't find profile directory.
1598908638882	Marionette	INFO	Listening on port 49225
1598908639012	Marionette	WARN	TLS certificate errors will be ignored for this session
1598908752052	Marionette	INFO	Stopped listening on port 49225

###!!! [Child][RunMessage] Error: Channel closing: too late to send/recv, messages will be lost


###!!! [Child][MessageChannel::SendAndWait] Error: Channel error: cannot send/recv

in headless mode.
1598908727099	addons.webextension.doh-rollout@mozilla.org	WARN	Loading extension 'doh-rollout@mozilla.org': Reading manifest: Invalid extension permission: networkStatus
1598908727543	addons.webextension.screenshots@mozilla.org	WARN	Loading extension 'screenshots@mozilla.org': Reading manifest: Invalid extension permission: mozillaAddons
1598908727543	addons.webextension.screenshots@mozilla.org	WARN	Loading extension 'screenshots@mozilla.org': Reading manifest: Invalid extension permission: telemetry
1598908727543	addons.webextension.screenshots@mozilla.org	WARN	Loading extension 'screenshots@mozilla.org': Reading manifest: Invalid extension permission: resource://pdf.js/
1598908727543	addons.webextension.screenshots@mozilla.org	WARN	Loading extension 'screenshots@mozilla.org': Reading manifest: Invalid extension permission: about:reader*
JavaScript error: resource://gre/modules/XULStore.jsm, line 66: Error: Can't find profile directory.
1598908728916	Marionette	INFO	Listening on port 49657
1598908729374	Marionette	WARN	TLS certificate errors will be ignored for this session
JavaScript error: , line 0: NS_ERROR_NOT_AVAILABLE
Exiting due to channel error.
Exiting due to channel error.
te" "-headless" "-foreground" "-no-remote" "-profile" "C:\\Users\\franc\\AppData\\Local\\Temp\\rust_mozprofile4Oxp04"
*** You are running in headless mode.
1598908831209	addons.webextension.doh-rollout@mozilla.org	WARN	Loading extension 'doh-rollout@mozilla.org': Reading manifest: Invalid extension permission: networkStatus
1598908831647	addons.webextension.screenshots@mozilla.org	WARN	Loading extension 'screenshots@mozilla.org': Reading manifest: Invalid extension permission: mozillaAddons
1598908831647	addons.webextension.screenshots@mozilla.org	WARN	Loading extension 'screenshots@mozilla.org': Reading manifest: Invalid extension permission: telemetry
1598908831647	addons.webextension.screenshots@mozilla.org	WARN	Loading extension 'screenshots@mozilla.org': Reading manifest: Invalid extension permission: resource://pdf.js/
1598908831647	addons.webextension.screenshots@mozilla.org	WARN	Loading extension 'screenshots@mozilla.org': Reading manifest: Invalid extension permission: about:reader*
JavaScript error: resource://gre/modules/XULStore.jsm, line 66: Error: Can't find profile directory.
1598908832758	Marionette	INFO	Listening on port 50081
1598908832948	Marionette	WARN	TLS certificate errors will be ignored for this session
JavaScript error: https://s.yimg.com/uc/finance/dd-site/js/vendor.7e40d0fcfb5084e63ec3.modern.js, line 2: Error: {"output":{"message":"request failed"},"meta":{}}
JavaScript error: https://s.yimg.com/uc/finance/dd-site/js/vendor.7e40d0fcfb5084e63ec3.modern.js, line 2: Error: {"output":{"message":"request failed"},"meta":{}}
JavaScript error: , line 0: NS_ERROR_NOT_AVAILABLE
: "C:\\Program Files\\Mozilla Firefox\\firefox.exe" "-marionette" "-headless" "-foreground" "-no-remote" "-profile" "C:\\Users\\franc\\AppData\\Local\\Temp\\rust_mozprofile5qwM3q"
*** You are running in headless mode.
1598908854889	addons.webextension.doh-rollout@mozilla.org	WARN	Loading extension 'doh-rollout@mozilla.org': Reading manifest: Invalid extension permission: networkStatus
1598908855333	addons.webextension.screenshots@mozilla.org	WARN	Loading extension 'screenshots@mozilla.org': Reading manifest: Invalid extension permission: mozillaAddons
1598908855334	addons.webextension.screenshots@mozilla.org	WARN	Loading extension 'screenshots@mozilla.org': Reading manifest: Invalid extension permission: telemetry
1598908855334	addons.webextension.screenshots@mozilla.org	WARN	Loading extension 'screenshots@mozilla.org': Reading manifest: Invalid extension permission: resource://pdf.js/
1598908855334	addons.webextension.screenshots@mozilla.org	WARN	Loading extension 'screenshots@mozilla.org': Reading manifest: Invalid extension permission: about:reader*
JavaScript error: resource://gre/modules/XULStore.jsm, line 66: Error: Can't find profile directory.
1598908856960	Marionette	INFO	Listening on port 50222
1598908857163	Marionette	WARN	TLS certificate errors will be ignored for this session
JavaScript error: https://s.yimg.com/uc/finance/dd-site/js/vendor.7e40d0fcfb5084e63ec3.modern.js, line 2: Error: {"output":{"message":"request failed"},"meta":{}}
JavaScript error: https://s.yimg.com/uc/finance/dd-site/js/vendor.7e40d0fcfb5084e63ec3.modern.js, line 2: Error: {"output":{"message":"request failed"},"meta":{}}
JavaScript error: , line 0: NS_ERROR_NOT_AVAILABLE
: "C:\\Program Files\\Mozilla Firefox\\firefox.exe" "-marionette" "-headless" "-foreground" "-no-remote" "-profile" "C:\\Users\\franc\\AppData\\Local\\Temp\\rust_mozprofileVsF0sA"
*** You are running in headless mode.
1598909010396	addons.webextension.doh-rollout@mozilla.org	WARN	Loading extension 'doh-rollout@mozilla.org': Reading manifest: Invalid extension permission: networkStatus
1598909010850	addons.webextension.screenshots@mozilla.org	WARN	Loading extension 'screenshots@mozilla.org': Reading manifest: Invalid extension permission: mozillaAddons
1598909010851	addons.webextension.screenshots@mozilla.org	WARN	Loading extension 'screenshots@mozilla.org': Reading manifest: Invalid extension permission: telemetry
1598909010851	addons.webextension.screenshots@mozilla.org	WARN	Loading extension 'screenshots@mozilla.org': Reading manifest: Invalid extension permission: resource://pdf.js/
1598909010851	addons.webextension.screenshots@mozilla.org	WARN	Loading extension 'screenshots@mozilla.org': Reading manifest: Invalid extension permission: about:reader*
JavaScript error: resource://gre/modules/XULStore.jsm, line 66: Error: Can't find profile directory.
1598909012350	Marionette	INFO	Listening on port 50760
1598909012676	Marionette	WARN	TLS certificate errors will be ignored for this session
JavaScript error: https://s.yimg.com/uc/finance/dd-site/js/vendor.7e40d0fcfb5084e63ec3.modern.js, line 2: Error: {"output":{"message":"request failed"},"meta":{}}
JavaScript warning: https://pagead2.googlesyndication.com/bg/w3uW36kZ3iEz52fjwmSMTfWAeiBMgQCjgDc5TerGjFY.js line 1 > eval line 6313 > eval line 1 > eval, line 1: WebGL warning: <Create>: Can't use WebGL in headless mode (https://bugzil.la/1375585).
JavaScript warning: https://pagead2.googlesyndication.com/bg/w3uW36kZ3iEz52fjwmSMTfWAeiBMgQCjgDc5TerGjFY.js line 1 > eval line 6313 > eval line 1 > eval, line 1: Failed to create WebGL context: WebGL creation failed: 
* Can't use WebGL in headless mode (https://bugzil.la/1375585).
JavaScript error: https://s.yimg.com/uc/finance/dd-site/js/vendor.7e40d0fcfb5084e63ec3.modern.js, line 2: Error: {"output":{"message":"request failed"},"meta":{}}
JavaScript error: , line 0: NS_ERROR_NOT_AVAILABLE
Exiting due to channel error.
irefox\\firefox.exe" "-marionette" "-headless" "-foreground" "-no-remote" "-profile" "C:\\Users\\franc\\AppData\\Local\\Temp\\rust_mozprofileZ3RnSe"
*** You are running in headless mode.
1598909035653	addons.webextension.doh-rollout@mozilla.org	WARN	Loading extension 'doh-rollout@mozilla.org': Reading manifest: Invalid extension permission: networkStatus
1598909036120	addons.webextension.screenshots@mozilla.org	WARN	Loading extension 'screenshots@mozilla.org': Reading manifest: Invalid extension permission: mozillaAddons
1598909036120	addons.webextension.screenshots@mozilla.org	WARN	Loading extension 'screenshots@mozilla.org': Reading manifest: Invalid extension permission: telemetry
1598909036120	addons.webextension.screenshots@mozilla.org	WARN	Loading extension 'screenshots@mozilla.org': Reading manifest: Invalid extension permission: resource://pdf.js/
1598909036120	addons.webextension.screenshots@mozilla.org	WARN	Loading extension 'screenshots@mozilla.org': Reading manifest: Invalid extension permission: about:reader*
JavaScript error: resource://gre/modules/XULStore.jsm, line 66: Error: Can't find profile directory.
1598909037564	Marionette	INFO	Listening on port 50931
1598909037909	Marionette	WARN	TLS certificate errors will be ignored for this session
JavaScript error: https://s.yimg.com/uc/finance/dd-site/js/vendor.7e40d0fcfb5084e63ec3.modern.js, line 2: Error: {"output":{"message":"request failed"},"meta":{}}
JavaScript error: https://s.yimg.com/uc/finance/dd-site/js/vendor.7e40d0fcfb5084e63ec3.modern.js, line 2: Error: {"output":{"message":"request failed"},"meta":{}}
JavaScript error: , line 0: NS_ERROR_NOT_AVAILABLE
Exiting due to channel error.
irefox\\firefox.exe" "-marionette" "-headless" "-foreground" "-no-remote" "-profile" "C:\\Users\\franc\\AppData\\Local\\Temp\\rust_mozprofileMx3mh3"
*** You are running in headless mode.
1598909057730	addons.webextension.doh-rollout@mozilla.org	WARN	Loading extension 'doh-rollout@mozilla.org': Reading manifest: Invalid extension permission: networkStatus
1598909058159	addons.webextension.screenshots@mozilla.org	WARN	Loading extension 'screenshots@mozilla.org': Reading manifest: Invalid extension permission: mozillaAddons
1598909058159	addons.webextension.screenshots@mozilla.org	WARN	Loading extension 'screenshots@mozilla.org': Reading manifest: Invalid extension permission: telemetry
1598909058159	addons.webextension.screenshots@mozilla.org	WARN	Loading extension 'screenshots@mozilla.org': Reading manifest: Invalid extension permission: resource://pdf.js/
1598909058159	addons.webextension.screenshots@mozilla.org	WARN	Loading extension 'screenshots@mozilla.org': Reading manifest: Invalid extension permission: about:reader*
JavaScript error: resource://gre/modules/XULStore.jsm, line 66: Error: Can't find profile directory.
1598909059586	Marionette	INFO	Listening on port 51106
1598909060014	Marionette	WARN	TLS certificate errors will be ignored for this session
JavaScript error: https://s.yimg.com/uc/finance/dd-site/js/vendor.7e40d0fcfb5084e63ec3.modern.js, line 2: Error: {"output":{"message":"request failed"},"meta":{}}
JavaScript error: https://s.yimg.com/uc/finance/dd-site/js/vendor.7e40d0fcfb5084e63ec3.modern.js, line 2: Error: {"output":{"message":"request failed"},"meta":{}}
JavaScript error: , line 0: NS_ERROR_NOT_AVAILABLE
: "C:\\Program Files\\Mozilla Firefox\\firefox.exe" "-marionette" "-headless" "-foreground" "-no-remote" "-profile" "C:\\Users\\franc\\AppData\\Local\\Temp\\rust_mozprofileuflAjr"
*** You are running in headless mode.
1598909326165	addons.webextension.doh-rollout@mozilla.org	WARN	Loading extension 'doh-rollout@mozilla.org': Reading manifest: Invalid extension permission: networkStatus
1598909326633	addons.webextension.screenshots@mozilla.org	WARN	Loading extension 'screenshots@mozilla.org': Reading manifest: Invalid extension permission: mozillaAddons
1598909326633	addons.webextension.screenshots@mozilla.org	WARN	Loading extension 'screenshots@mozilla.org': Reading manifest: Invalid extension permission: telemetry
1598909326633	addons.webextension.screenshots@mozilla.org	WARN	Loading extension 'screenshots@mozilla.org': Reading manifest: Invalid extension permission: resource://pdf.js/
1598909326633	addons.webextension.screenshots@mozilla.org	WARN	Loading extension 'screenshots@mozilla.org': Reading manifest: Invalid extension permission: about:reader*
JavaScript error: resource://gre/modules/XULStore.jsm, line 66: Error: Can't find profile directory.
1598909328111	Marionette	INFO	Listening on port 52007
1598909328428	Marionette	WARN	TLS certificate errors will be ignored for this session
JavaScript error: https://s.yimg.com/uc/finance/dd-site/js/vendor.7e40d0fcfb5084e63ec3.modern.js, line 2: Error: {"output":{"message":"request failed"},"meta":{}}
JavaScript warning: https://pagead2.googlesyndication.com/bg/w3uW36kZ3iEz52fjwmSMTfWAeiBMgQCjgDc5TerGjFY.js line 1 > eval line 4170 > eval line 1 > eval, line 1: WebGL warning: <Create>: Can't use WebGL in headless mode (https://bugzil.la/1375585).
JavaScript warning: https://pagead2.googlesyndication.com/bg/w3uW36kZ3iEz52fjwmSMTfWAeiBMgQCjgDc5TerGjFY.js line 1 > eval line 4170 > eval line 1 > eval, line 1: Failed to create WebGL context: WebGL creation failed: 
* Can't use WebGL in headless mode (https://bugzil.la/1375585).
JavaScript error: https://s.yimg.com/uc/finance/dd-site/js/vendor.7e40d0fcfb5084e63ec3.modern.js, line 2: Error: {"output":{"message":"request failed"},"meta":{}}
JavaScript error: , line 0: NS_ERROR_NOT_AVAILABLE
Exiting due to channel error.
Exiting due to channel error.
te" "-headless" "-foreground" "-no-remote" "-profile" "C:\\Users\\franc\\AppData\\Local\\Temp\\rust_mozprofileJ5HczM"
*** You are running in headless mode.
1598909371271	addons.webextension.doh-rollout@mozilla.org	WARN	Loading extension 'doh-rollout@mozilla.org': Reading manifest: Invalid extension permission: networkStatus
1598909371716	addons.webextension.screenshots@mozilla.org	WARN	Loading extension 'screenshots@mozilla.org': Reading manifest: Invalid extension permission: mozillaAddons
1598909371716	addons.webextension.screenshots@mozilla.org	WARN	Loading extension 'screenshots@mozilla.org': Reading manifest: Invalid extension permission: telemetry
1598909371716	addons.webextension.screenshots@mozilla.org	WARN	Loading extension 'screenshots@mozilla.org': Reading manifest: Invalid extension permission: resource://pdf.js/
1598909371716	addons.webextension.screenshots@mozilla.org	WARN	Loading extension 'screenshots@mozilla.org': Reading manifest: Invalid extension permission: about:reader*
JavaScript error: resource://gre/modules/XULStore.jsm, line 66: Error: Can't find profile directory.
1598909373244	Marionette	INFO	Listening on port 52278
1598909373513	Marionette	WARN	TLS certificate errors will be ignored for this session
JavaScript error: https://s.yimg.com/uc/finance/dd-site/js/vendor.7e40d0fcfb5084e63ec3.modern.js, line 2: Error: {"output":{"message":"request failed"},"meta":{}}
JavaScript error: https://s.yimg.com/uc/finance/dd-site/js/vendor.7e40d0fcfb5084e63ec3.modern.js, line 2: Error: {"output":{"message":"request failed"},"meta":{}}
JavaScript error: , line 0: NS_ERROR_NOT_AVAILABLE
Exiting due to channel error.
irefox\\firefox.exe" "-marionette" "-headless" "-foreground" "-no-remote" "-profile" "C:\\Users\\franc\\AppData\\Local\\Temp\\rust_mozprofilen8LwYo"
*** You are running in headless mode.
1598909392196	addons.webextension.doh-rollout@mozilla.org	WARN	Loading extension 'doh-rollout@mozilla.org': Reading manifest: Invalid extension permission: networkStatus
1598909392628	addons.webextension.screenshots@mozilla.org	WARN	Loading extension 'screenshots@mozilla.org': Reading manifest: Invalid extension permission: mozillaAddons
1598909392628	addons.webextension.screenshots@mozilla.org	WARN	Loading extension 'screenshots@mozilla.org': Reading manifest: Invalid extension permission: telemetry
1598909392628	addons.webextension.screenshots@mozilla.org	WARN	Loading extension 'screenshots@mozilla.org': Reading manifest: Invalid extension permission: resource://pdf.js/
1598909392628	addons.webextension.screenshots@mozilla.org	WARN	Loading extension 'screenshots@mozilla.org': Reading manifest: Invalid extension permission: about:reader*
JavaScript error: resource://gre/modules/XULStore.jsm, line 66: Error: Can't find profile directory.
1598909394140	Marionette	INFO	Listening on port 52440
1598909394479	Marionette	WARN	TLS certificate errors will be ignored for this session
JavaScript error: https://s.yimg.com/uc/finance/dd-site/js/vendor.7e40d0fcfb5084e63ec3.modern.js, line 2: Error: {"output":{"message":"request failed"},"meta":{}}
JavaScript error: https://s.yimg.com/uc/finance/dd-site/js/vendor.7e40d0fcfb5084e63ec3.modern.js, line 2: Error: {"output":{"message":"request failed"},"meta":{}}
JavaScript error: , line 0: NS_ERROR_NOT_AVAILABLE
: "C:\\Program Files\\Mozilla Firefox\\firefox.exe" "-marionette" "-headless" "-foreground" "-no-remote" "-profile" "C:\\Users\\franc\\AppData\\Local\\Temp\\rust_mozprofilegiy915"
*** You are running in headless mode.
1598909582464	addons.webextension.doh-rollout@mozilla.org	WARN	Loading extension 'doh-rollout@mozilla.org': Reading manifest: Invalid extension permission: networkStatus
1598909582912	addons.webextension.screenshots@mozilla.org	WARN	Loading extension 'screenshots@mozilla.org': Reading manifest: Invalid extension permission: mozillaAddons
1598909582912	addons.webextension.screenshots@mozilla.org	WARN	Loading extension 'screenshots@mozilla.org': Reading manifest: Invalid extension permission: telemetry
1598909582912	addons.webextension.screenshots@mozilla.org	WARN	Loading extension 'screenshots@mozilla.org': Reading manifest: Invalid extension permission: resource://pdf.js/
1598909582912	addons.webextension.screenshots@mozilla.org	WARN	Loading extension 'screenshots@mozilla.org': Reading manifest: Invalid extension permission: about:reader*
JavaScript error: resource://gre/modules/XULStore.jsm, line 66: Error: Can't find profile directory.
1598909584422	Marionette	INFO	Listening on port 53730
1598909584698	Marionette	WARN	TLS certificate errors will be ignored for this session
JavaScript error: https://s.yimg.com/uc/finance/dd-site/js/vendor.7e40d0fcfb5084e63ec3.modern.js, line 2: Error: {"output":{"message":"request failed"},"meta":{}}
JavaScript error: https://s.yimg.com/uc/finance/dd-site/js/vendor.7e40d0fcfb5084e63ec3.modern.js, line 2: Error: {"output":{"message":"request failed"},"meta":{}}
JavaScript error: , line 0: NS_ERROR_NOT_AVAILABLE
1598912515427	mozrunner::runner	INFO	Running command: "C:\\Program Files\\Mozilla Firefox\\firefox.exe" "-marionette" "-headless" "-foreground" "-no-remote" "-profile" "C:\\Users\\franc\\AppData\\Local\\Temp\\rust_mozprofile7Otl2u"
*** You are running in headless mode.
1598912515771	addons.webextension.doh-rollout@mozilla.org	WARN	Loading extension 'doh-rollout@mozilla.org': Reading manifest: Invalid extension permission: networkStatus
1598912516229	addons.webextension.screenshots@mozilla.org	WARN	Loading extension 'screenshots@mozilla.org': Reading manifest: Invalid extension permission: mozillaAddons
1598912516229	addons.webextension.screenshots@mozilla.org	WARN	Loading extension 'screenshots@mozilla.org': Reading manifest: Invalid extension permission: telemetry
1598912516229	addons.webextension.screenshots@mozilla.org	WARN	Loading extension 'screenshots@mozilla.org': Reading manifest: Invalid extension permission: resource://pdf.js/
1598912516229	addons.webextension.screenshots@mozilla.org	WARN	Loading extension 'screenshots@mozilla.org': Reading manifest: Invalid extension permission: about:reader*
JavaScript error: resource://gre/modules/XULStore.jsm, line 66: Error: Can't find profile directory.
1598912517828	Marionette	INFO	Listening on port 61284
JavaScript error: , line 0: NS_ERROR_NOT_AVAILABLE
Exiting due to channel error.
	INFO	Running command: "C:\\Program Files\\Mozilla Firefox\\firefox.exe" "-marionette" "-headless" "-foreground" "-no-remote" "-profile" "C:\\Users\\franc\\AppData\\Local\\Temp\\rust_mozprofiletCg2ol"
*** You are running in headless mode.
1598919042433	addons.webextension.doh-rollout@mozilla.org	WARN	Loading extension 'doh-rollout@mozilla.org': Reading manifest: Invalid extension permission: networkStatus
1598919042853	addons.webextension.screenshots@mozilla.org	WARN	Loading extension 'screenshots@mozilla.org': Reading manifest: Invalid extension permission: mozillaAddons
1598919042853	addons.webextension.screenshots@mozilla.org	WARN	Loading extension 'screenshots@mozilla.org': Reading manifest: Invalid extension permission: telemetry
1598919042853	addons.webextension.screenshots@mozilla.org	WARN	Loading extension 'screenshots@mozilla.org': Reading manifest: Invalid extension permission: resource://pdf.js/
1598919042853	addons.webextension.screenshots@mozilla.org	WARN	Loading extension 'screenshots@mozilla.org': Reading manifest: Invalid extension permission: about:reader*
JavaScript error: resource://gre/modules/XULStore.jsm, line 66: Error: Can't find profile directory.
1598919044300	Marionette	INFO	Listening on port 62227
1598919044719	Marionette	WARN	TLS certificate errors will be ignored for this session
JavaScript error: https://s.yimg.com/uc/finance/dd-site/js/vendor.7e40d0fcfb5084e63ec3.modern.js, line 2: Error: {"output":{"message":"request failed"},"meta":{}}
JavaScript error: https://s.yimg.com/uc/finance/dd-site/js/vendor.7e40d0fcfb5084e63ec3.modern.js, line 2: Error: {"output":{"message":"request failed"},"meta":{}}
1598919204481	mozrunner::runner	INFO	Running command: "C:\\Program Files\\Mozilla Firefox\\firefox.exe" "-marionette" "-headless" "-foreground" "-no-remote" "-profile" "C:\\Users\\franc\\AppData\\Local\\Temp\\rust_mozprofileZs7kZd"
*** You are running in headless mode.
1598919204804	addons.webextension.doh-rollout@mozilla.org	WARN	Loading extension 'doh-rollout@mozilla.org': Reading manifest: Invalid extension permission: networkStatus
1598919205229	addons.webextension.screenshots@mozilla.org	WARN	Loading extension 'screenshots@mozilla.org': Reading manifest: Invalid extension permission: mozillaAddons
1598919205229	addons.webextension.screenshots@mozilla.org	WARN	Loading extension 'screenshots@mozilla.org': Reading manifest: Invalid extension permission: telemetry
1598919205229	addons.webextension.screenshots@mozilla.org	WARN	Loading extension 'screenshots@mozilla.org': Reading manifest: Invalid extension permission: resource://pdf.js/
1598919205229	addons.webextension.screenshots@mozilla.org	WARN	Loading extension 'screenshots@mozilla.org': Reading manifest: Invalid extension permission: about:reader*
JavaScript error: resource://gre/modules/XULStore.jsm, line 66: Error: Can't find profile directory.
1598919206720	Marionette	INFO	Listening on port 62833
1598919207097	Marionette	WARN	TLS certificate errors will be ignored for this session
JavaScript error: https://s.yimg.com/uc/finance/dd-site/js/vendor.7e40d0fcfb5084e63ec3.modern.js, line 2: Error: {"output":{"message":"request failed"},"meta":{}}
JavaScript warning: https://pagead2.googlesyndication.com/bg/w3uW36kZ3iEz52fjwmSMTfWAeiBMgQCjgDc5TerGjFY.js line 1 > eval line 2903 > eval line 1 > eval, line 1: WebGL warning: <Create>: Can't use WebGL in headless mode (https://bugzil.la/1375585).
JavaScript warning: https://pagead2.googlesyndication.com/bg/w3uW36kZ3iEz52fjwmSMTfWAeiBMgQCjgDc5TerGjFY.js line 1 > eval line 2903 > eval line 1 > eval, line 1: Failed to create WebGL context: WebGL creation failed: 
* Can't use WebGL in headless mode (https://bugzil.la/1375585).
JavaScript error: https://s.yimg.com/uc/finance/dd-site/js/vendor.7e40d0fcfb5084e63ec3.modern.js, line 2: Error: {"output":{"message":"request failed"},"meta":{}}
Exiting due to channel error.
Exiting due to channel error.
gram Files\\Mozilla Firefox\\firefox.exe" "-marionette" "-headless" "-foreground" "-no-remote" "-profile" "C:\\Users\\franc\\AppData\\Local\\Temp\\rust_mozprofileo5Hldx"
*** You are running in headless mode.
1598919310208	addons.webextension.doh-rollout@mozilla.org	WARN	Loading extension 'doh-rollout@mozilla.org': Reading manifest: Invalid extension permission: networkStatus
1598919310679	addons.webextension.screenshots@mozilla.org	WARN	Loading extension 'screenshots@mozilla.org': Reading manifest: Invalid extension permission: mozillaAddons
1598919310679	addons.webextension.screenshots@mozilla.org	WARN	Loading extension 'screenshots@mozilla.org': Reading manifest: Invalid extension permission: telemetry
1598919310680	addons.webextension.screenshots@mozilla.org	WARN	Loading extension 'screenshots@mozilla.org': Reading manifest: Invalid extension permission: resource://pdf.js/
1598919310680	addons.webextension.screenshots@mozilla.org	WARN	Loading extension 'screenshots@mozilla.org': Reading manifest: Invalid extension permission: about:reader*
JavaScript error: resource://gre/modules/XULStore.jsm, line 66: Error: Can't find profile directory.
1598919312178	Marionette	INFO	Listening on port 63246
1598919312339	Marionette	WARN	TLS certificate errors will be ignored for this session
JavaScript error: https://s.yimg.com/uc/finance/dd-site/js/vendor.7e40d0fcfb5084e63ec3.modern.js, line 2: Error: {"output":{"message":"request failed"},"meta":{}}
JavaScript warning: https://pagead2.googlesyndication.com/bg/w3uW36kZ3iEz52fjwmSMTfWAeiBMgQCjgDc5TerGjFY.js line 1 > eval line 6490 > eval line 1 > eval, line 1: WebGL warning: <Create>: Can't use WebGL in headless mode (https://bugzil.la/1375585).
JavaScript warning: https://pagead2.googlesyndication.com/bg/w3uW36kZ3iEz52fjwmSMTfWAeiBMgQCjgDc5TerGjFY.js line 1 > eval line 6490 > eval line 1 > eval, line 1: Failed to create WebGL context: WebGL creation failed: 
* Can't use WebGL in headless mode (https://bugzil.la/1375585).
JavaScript error: https://s.yimg.com/uc/finance/dd-site/js/vendor.7e40d0fcfb5084e63ec3.modern.js, line 2: Error: {"output":{"message":"request failed"},"meta":{}}
Exiting due to channel error.
1598949555667	mozrunner::runner	INFO	Running command: "C:\\Program Files\\Mozilla Firefox\\firefox.exe" "-marionette" "-headless" "-foreground" "-no-remote" "-profile" "C:\\Users\\franc\\AppData\\Local\\Temp\\rust_mozprofileIEow0b"
*** You are running in headless mode.
1598949556032	addons.webextension.doh-rollout@mozilla.org	WARN	Loading extension 'doh-rollout@mozilla.org': Reading manifest: Invalid extension permission: networkStatus
1598949556457	addons.webextension.screenshots@mozilla.org	WARN	Loading extension 'screenshots@mozilla.org': Reading manifest: Invalid extension permission: mozillaAddons
1598949556457	addons.webextension.screenshots@mozilla.org	WARN	Loading extension 'screenshots@mozilla.org': Reading manifest: Invalid extension permission: telemetry
1598949556457	addons.webextension.screenshots@mozilla.org	WARN	Loading extension 'screenshots@mozilla.org': Reading manifest: Invalid extension permission: resource://pdf.js/
1598949556457	addons.webextension.screenshots@mozilla.org	WARN	Loading extension 'screenshots@mozilla.org': Reading manifest: Invalid extension permission: about:reader*
JavaScript error: resource://gre/modules/XULStore.jsm, line 66: Error: Can't find profile directory.
1598949557524	Marionette	INFO	Listening on port 53182
1598949557702	Marionette	WARN	TLS certificate errors will be ignored for this session
JavaScript warning: https://pagead2.googlesyndication.com/bg/w3uW36kZ3iEz52fjwmSMTfWAeiBMgQCjgDc5TerGjFY.js line 1 > eval line 402 > eval line 1 > eval, line 1: WebGL warning: <Create>: Can't use WebGL in headless mode (https://bugzil.la/1375585).
JavaScript warning: https://pagead2.googlesyndication.com/bg/w3uW36kZ3iEz52fjwmSMTfWAeiBMgQCjgDc5TerGjFY.js line 1 > eval line 402 > eval line 1 > eval, line 1: Failed to create WebGL context: WebGL creation failed: 
* Can't use WebGL in headless mode (https://bugzil.la/1375585).
JavaScript error: , line 0: NS_ERROR_NOT_AVAILABLE
: "C:\\Program Files\\Mozilla Firefox\\firefox.exe" "-marionette" "-headless" "-foreground" "-no-remote" "-profile" "C:\\Users\\franc\\AppData\\Local\\Temp\\rust_mozprofilenpbooa"
*** You are running in headless mode.
1598949593942	addons.webextension.doh-rollout@mozilla.org	WARN	Loading extension 'doh-rollout@mozilla.org': Reading manifest: Invalid extension permission: networkStatus
1598949594355	addons.webextension.screenshots@mozilla.org	WARN	Loading extension 'screenshots@mozilla.org': Reading manifest: Invalid extension permission: mozillaAddons
1598949594356	addons.webextension.screenshots@mozilla.org	WARN	Loading extension 'screenshots@mozilla.org': Reading manifest: Invalid extension permission: telemetry
1598949594356	addons.webextension.screenshots@mozilla.org	WARN	Loading extension 'screenshots@mozilla.org': Reading manifest: Invalid extension permission: resource://pdf.js/
1598949594356	addons.webextension.screenshots@mozilla.org	WARN	Loading extension 'screenshots@mozilla.org': Reading manifest: Invalid extension permission: about:reader*
JavaScript error: resource://gre/modules/XULStore.jsm, line 66: Error: Can't find profile directory.
1598949595454	Marionette	INFO	Listening on port 53599
1598949595660	Marionette	WARN	TLS certificate errors will be ignored for this session
JavaScript error: , line 0: NS_ERROR_NOT_AVAILABLE
: "C:\\Program Files\\Mozilla Firefox\\firefox.exe" "-marionette" "-headless" "-foreground" "-no-remote" "-profile" "C:\\Users\\franc\\AppData\\Local\\Temp\\rust_mozprofileZh0Pii"
*** You are running in headless mode.
1598949619312	addons.webextension.doh-rollout@mozilla.org	WARN	Loading extension 'doh-rollout@mozilla.org': Reading manifest: Invalid extension permission: networkStatus
1598949619693	addons.webextension.screenshots@mozilla.org	WARN	Loading extension 'screenshots@mozilla.org': Reading manifest: Invalid extension permission: mozillaAddons
1598949619693	addons.webextension.screenshots@mozilla.org	WARN	Loading extension 'screenshots@mozilla.org': Reading manifest: Invalid extension permission: telemetry
1598949619693	addons.webextension.screenshots@mozilla.org	WARN	Loading extension 'screenshots@mozilla.org': Reading manifest: Invalid extension permission: resource://pdf.js/
1598949619693	addons.webextension.screenshots@mozilla.org	WARN	Loading extension 'screenshots@mozilla.org': Reading manifest: Invalid extension permission: about:reader*
JavaScript error: resource://gre/modules/XULStore.jsm, line 66: Error: Can't find profile directory.
1598949620942	Marionette	INFO	Listening on port 53957
1598949621021	Marionette	WARN	TLS certificate errors will be ignored for this session
JavaScript error: , line 0: NS_ERROR_NOT_AVAILABLE
: "C:\\Program Files\\Mozilla Firefox\\firefox.exe" "-marionette" "-headless" "-foreground" "-no-remote" "-profile" "C:\\Users\\franc\\AppData\\Local\\Temp\\rust_mozprofiler8YdlK"
*** You are running in headless mode.
1598950376167	addons.webextension.doh-rollout@mozilla.org	WARN	Loading extension 'doh-rollout@mozilla.org': Reading manifest: Invalid extension permission: networkStatus
1598950376561	addons.webextension.screenshots@mozilla.org	WARN	Loading extension 'screenshots@mozilla.org': Reading manifest: Invalid extension permission: mozillaAddons
1598950376561	addons.webextension.screenshots@mozilla.org	WARN	Loading extension 'screenshots@mozilla.org': Reading manifest: Invalid extension permission: telemetry
1598950376561	addons.webextension.screenshots@mozilla.org	WARN	Loading extension 'screenshots@mozilla.org': Reading manifest: Invalid extension permission: resource://pdf.js/
1598950376561	addons.webextension.screenshots@mozilla.org	WARN	Loading extension 'screenshots@mozilla.org': Reading manifest: Invalid extension permission: about:reader*
JavaScript error: resource://gre/modules/XULStore.jsm, line 66: Error: Can't find profile directory.
1598950377863	Marionette	INFO	Listening on port 59552
1598950377967	Marionette	WARN	TLS certificate errors will be ignored for this session
JavaScript error: , line 0: NS_ERROR_NOT_AVAILABLE
: "C:\\Program Files\\Mozilla Firefox\\firefox.exe" "-marionette" "-headless" "-foreground" "-no-remote" "-profile" "C:\\Users\\franc\\AppData\\Local\\Temp\\rust_mozprofile3GkUms"
*** You are running in headless mode.
1598950407349	addons.webextension.doh-rollout@mozilla.org	WARN	Loading extension 'doh-rollout@mozilla.org': Reading manifest: Invalid extension permission: networkStatus
1598950407781	addons.webextension.screenshots@mozilla.org	WARN	Loading extension 'screenshots@mozilla.org': Reading manifest: Invalid extension permission: mozillaAddons
1598950407781	addons.webextension.screenshots@mozilla.org	WARN	Loading extension 'screenshots@mozilla.org': Reading manifest: Invalid extension permission: telemetry
1598950407781	addons.webextension.screenshots@mozilla.org	WARN	Loading extension 'screenshots@mozilla.org': Reading manifest: Invalid extension permission: resource://pdf.js/
1598950407781	addons.webextension.screenshots@mozilla.org	WARN	Loading extension 'screenshots@mozilla.org': Reading manifest: Invalid extension permission: about:reader*
JavaScript error: resource://gre/modules/XULStore.jsm, line 66: Error: Can't find profile directory.
1598950409226	Marionette	INFO	Listening on port 59758
1598950409645	Marionette	WARN	TLS certificate errors will be ignored for this session
JavaScript warning: https://pagead2.googlesyndication.com/bg/w3uW36kZ3iEz52fjwmSMTfWAeiBMgQCjgDc5TerGjFY.js line 1 > eval line 873 > eval line 1 > eval, line 1: WebGL warning: <Create>: Can't use WebGL in headless mode (https://bugzil.la/1375585).
JavaScript warning: https://pagead2.googlesyndication.com/bg/w3uW36kZ3iEz52fjwmSMTfWAeiBMgQCjgDc5TerGjFY.js line 1 > eval line 873 > eval line 1 > eval, line 1: Failed to create WebGL context: WebGL creation failed: 
* Can't use WebGL in headless mode (https://bugzil.la/1375585).
JavaScript error: , line 0: NS_ERROR_NOT_AVAILABLE
: "C:\\Program Files\\Mozilla Firefox\\firefox.exe" "-marionette" "-headless" "-foreground" "-no-remote" "-profile" "C:\\Users\\franc\\AppData\\Local\\Temp\\rust_mozprofile9gzS5V"
*** You are running in headless mode.
1598950521003	addons.webextension.doh-rollout@mozilla.org	WARN	Loading extension 'doh-rollout@mozilla.org': Reading manifest: Invalid extension permission: networkStatus
1598950521418	addons.webextension.screenshots@mozilla.org	WARN	Loading extension 'screenshots@mozilla.org': Reading manifest: Invalid extension permission: mozillaAddons
1598950521418	addons.webextension.screenshots@mozilla.org	WARN	Loading extension 'screenshots@mozilla.org': Reading manifest: Invalid extension permission: telemetry
1598950521418	addons.webextension.screenshots@mozilla.org	WARN	Loading extension 'screenshots@mozilla.org': Reading manifest: Invalid extension permission: resource://pdf.js/
1598950521418	addons.webextension.screenshots@mozilla.org	WARN	Loading extension 'screenshots@mozilla.org': Reading manifest: Invalid extension permission: about:reader*
JavaScript error: resource://gre/modules/XULStore.jsm, line 66: Error: Can't find profile directory.
1598950523131	Marionette	INFO	Listening on port 60171
1598950523223	Marionette	WARN	TLS certificate errors will be ignored for this session
JavaScript warning: https://pagead2.googlesyndication.com/bg/w3uW36kZ3iEz52fjwmSMTfWAeiBMgQCjgDc5TerGjFY.js line 1 > eval line 4232 > eval line 1 > eval, line 1: WebGL warning: <Create>: Can't use WebGL in headless mode (https://bugzil.la/1375585).
JavaScript warning: https://pagead2.googlesyndication.com/bg/w3uW36kZ3iEz52fjwmSMTfWAeiBMgQCjgDc5TerGjFY.js line 1 > eval line 4232 > eval line 1 > eval, line 1: Failed to create WebGL context: WebGL creation failed: 
* Can't use WebGL in headless mode (https://bugzil.la/1375585).
JavaScript error: , line 0: NS_ERROR_NOT_AVAILABLE
: "C:\\Program Files\\Mozilla Firefox\\firefox.exe" "-marionette" "-headless" "-foreground" "-no-remote" "-profile" "C:\\Users\\franc\\AppData\\Local\\Temp\\rust_mozprofileB4zmdq"
*** You are running in headless mode.
1598950571213	addons.webextension.doh-rollout@mozilla.org	WARN	Loading extension 'doh-rollout@mozilla.org': Reading manifest: Invalid extension permission: networkStatus
1598950571655	addons.webextension.screenshots@mozilla.org	WARN	Loading extension 'screenshots@mozilla.org': Reading manifest: Invalid extension permission: mozillaAddons
1598950571655	addons.webextension.screenshots@mozilla.org	WARN	Loading extension 'screenshots@mozilla.org': Reading manifest: Invalid extension permission: telemetry
1598950571656	addons.webextension.screenshots@mozilla.org	WARN	Loading extension 'screenshots@mozilla.org': Reading manifest: Invalid extension permission: resource://pdf.js/
1598950571656	addons.webextension.screenshots@mozilla.org	WARN	Loading extension 'screenshots@mozilla.org': Reading manifest: Invalid extension permission: about:reader*
JavaScript error: resource://gre/modules/XULStore.jsm, line 66: Error: Can't find profile directory.
1598950573366	Marionette	INFO	Listening on port 60431
1598950573420	Marionette	WARN	TLS certificate errors will be ignored for this session
JavaScript warning: https://pagead2.googlesyndication.com/bg/w3uW36kZ3iEz52fjwmSMTfWAeiBMgQCjgDc5TerGjFY.js line 1 > eval line 7296 > eval, line 1: WebGL warning: <Create>: Can't use WebGL in headless mode (https://bugzil.la/1375585).
JavaScript warning: https://pagead2.googlesyndication.com/bg/w3uW36kZ3iEz52fjwmSMTfWAeiBMgQCjgDc5TerGjFY.js line 1 > eval line 7296 > eval, line 1: Failed to create WebGL context: WebGL creation failed: 
* Can't use WebGL in headless mode (https://bugzil.la/1375585).
JavaScript error: , line 0: NS_ERROR_NOT_AVAILABLE
: "C:\\Program Files\\Mozilla Firefox\\firefox.exe" "-marionette" "-headless" "-foreground" "-no-remote" "-profile" "C:\\Users\\franc\\AppData\\Local\\Temp\\rust_mozprofileshitk8"
*** You are running in headless mode.
1598950586786	addons.webextension.doh-rollout@mozilla.org	WARN	Loading extension 'doh-rollout@mozilla.org': Reading manifest: Invalid extension permission: networkStatus
1598950587213	addons.webextension.screenshots@mozilla.org	WARN	Loading extension 'screenshots@mozilla.org': Reading manifest: Invalid extension permission: mozillaAddons
1598950587213	addons.webextension.screenshots@mozilla.org	WARN	Loading extension 'screenshots@mozilla.org': Reading manifest: Invalid extension permission: telemetry
1598950587213	addons.webextension.screenshots@mozilla.org	WARN	Loading extension 'screenshots@mozilla.org': Reading manifest: Invalid extension permission: resource://pdf.js/
1598950587213	addons.webextension.screenshots@mozilla.org	WARN	Loading extension 'screenshots@mozilla.org': Reading manifest: Invalid extension permission: about:reader*
JavaScript error: resource://gre/modules/XULStore.jsm, line 66: Error: Can't find profile directory.
1598950588606	Marionette	INFO	Listening on port 60628
1598950589064	Marionette	WARN	TLS certificate errors will be ignored for this session
JavaScript error: , line 0: NS_ERROR_NOT_AVAILABLE
: "C:\\Program Files\\Mozilla Firefox\\firefox.exe" "-marionette" "-headless" "-foreground" "-no-remote" "-profile" "C:\\Users\\franc\\AppData\\Local\\Temp\\rust_mozprofilexuOaK8"
*** You are running in headless mode.
1598950680295	addons.webextension.doh-rollout@mozilla.org	WARN	Loading extension 'doh-rollout@mozilla.org': Reading manifest: Invalid extension permission: networkStatus
1598950680706	addons.webextension.screenshots@mozilla.org	WARN	Loading extension 'screenshots@mozilla.org': Reading manifest: Invalid extension permission: mozillaAddons
1598950680706	addons.webextension.screenshots@mozilla.org	WARN	Loading extension 'screenshots@mozilla.org': Reading manifest: Invalid extension permission: telemetry
1598950680706	addons.webextension.screenshots@mozilla.org	WARN	Loading extension 'screenshots@mozilla.org': Reading manifest: Invalid extension permission: resource://pdf.js/
1598950680706	addons.webextension.screenshots@mozilla.org	WARN	Loading extension 'screenshots@mozilla.org': Reading manifest: Invalid extension permission: about:reader*
JavaScript error: resource://gre/modules/XULStore.jsm, line 66: Error: Can't find profile directory.
1598950682560	Marionette	INFO	Listening on port 61651
1598950683058	Marionette	WARN	TLS certificate errors will be ignored for this session
JavaScript warning: https://pagead2.googlesyndication.com/bg/w3uW36kZ3iEz52fjwmSMTfWAeiBMgQCjgDc5TerGjFY.js line 1 > eval line 1889 > eval, line 1: WebGL warning: <Create>: Can't use WebGL in headless mode (https://bugzil.la/1375585).
JavaScript warning: https://pagead2.googlesyndication.com/bg/w3uW36kZ3iEz52fjwmSMTfWAeiBMgQCjgDc5TerGjFY.js line 1 > eval line 1889 > eval, line 1: Failed to create WebGL context: WebGL creation failed: 
* Can't use WebGL in headless mode (https://bugzil.la/1375585).
JavaScript error: , line 0: NS_ERROR_NOT_AVAILABLE
: "C:\\Program Files\\Mozilla Firefox\\firefox.exe" "-marionette" "-headless" "-foreground" "-no-remote" "-profile" "C:\\Users\\franc\\AppData\\Local\\Temp\\rust_mozprofileYB9DXw"
*** You are running in headless mode.
1598950863448	addons.webextension.doh-rollout@mozilla.org	WARN	Loading extension 'doh-rollout@mozilla.org': Reading manifest: Invalid extension permission: networkStatus
1598950864157	addons.webextension.screenshots@mozilla.org	WARN	Loading extension 'screenshots@mozilla.org': Reading manifest: Invalid extension permission: mozillaAddons
1598950864157	addons.webextension.screenshots@mozilla.org	WARN	Loading extension 'screenshots@mozilla.org': Reading manifest: Invalid extension permission: telemetry
1598950864157	addons.webextension.screenshots@mozilla.org	WARN	Loading extension 'screenshots@mozilla.org': Reading manifest: Invalid extension permission: resource://pdf.js/
1598950864157	addons.webextension.screenshots@mozilla.org	WARN	Loading extension 'screenshots@mozilla.org': Reading manifest: Invalid extension permission: about:reader*
JavaScript error: resource://gre/modules/XULStore.jsm, line 66: Error: Can't find profile directory.
1598950866162	Marionette	INFO	Listening on port 62234
1598950866169	Marionette	WARN	TLS certificate errors will be ignored for this session
JavaScript warning: https://ajax.googleapis.com/ajax/libs/jquery/1.9.1/jquery.min.js, line 2: Using //@ to indicate sourceMappingURL pragmas is deprecated. Use //# instead
JavaScript warning: https://pagead2.googlesyndication.com/bg/w3uW36kZ3iEz52fjwmSMTfWAeiBMgQCjgDc5TerGjFY.js line 1 > eval line 1258 > eval, line 1: WebGL warning: <Create>: Can't use WebGL in headless mode (https://bugzil.la/1375585).
JavaScript warning: https://pagead2.googlesyndication.com/bg/w3uW36kZ3iEz52fjwmSMTfWAeiBMgQCjgDc5TerGjFY.js line 1 > eval line 1258 > eval, line 1: Failed to create WebGL context: WebGL creation failed: 
* Can't use WebGL in headless mode (https://bugzil.la/1375585).
1598950872774	Marionette	WARN	TimedPromise timed out after 500 ms: stacktrace:
TimedPromise/<@chrome://marionette/content/sync.js:245:13
TimedPromise@chrome://marionette/content/sync.js:230:10
interaction.flushEventLoop@chrome://marionette/content/interaction.js:416:10
webdriverClickElement@chrome://marionette/content/interaction.js:182:31
JavaScript warning: https://pagead2.googlesyndication.com/bg/w3uW36kZ3iEz52fjwmSMTfWAeiBMgQCjgDc5TerGjFY.js line 1 > eval line 4429 > eval, line 1: WebGL warning: <Create>: Can't use WebGL in headless mode (https://bugzil.la/1375585).
JavaScript warning: https://pagead2.googlesyndication.com/bg/w3uW36kZ3iEz52fjwmSMTfWAeiBMgQCjgDc5TerGjFY.js line 1 > eval line 4429 > eval, line 1: Failed to create WebGL context: WebGL creation failed: 
* Can't use WebGL in headless mode (https://bugzil.la/1375585).
JavaScript warning: https://pagead2.googlesyndication.com/bg/w3uW36kZ3iEz52fjwmSMTfWAeiBMgQCjgDc5TerGjFY.js line 1 > eval line 7791 > eval line 1 > eval, line 1: WebGL warning: <Create>: Can't use WebGL in headless mode (https://bugzil.la/1375585).
JavaScript warning: https://pagead2.googlesyndication.com/bg/w3uW36kZ3iEz52fjwmSMTfWAeiBMgQCjgDc5TerGjFY.js line 1 > eval line 7791 > eval line 1 > eval, line 1: Failed to create WebGL context: WebGL creation failed: 
* Can't use WebGL in headless mode (https://bugzil.la/1375585).
1598950875125	Marionette	INFO	Stopped listening on port 62234
1598950937854	mozrunner::runner	INFO	Running command: "C:\\Program Files\\Mozilla Firefox\\firefox.exe" "-marionette" "-headless" "-foreground" "-no-remote" "-profile" "C:\\Users\\franc\\AppData\\Local\\Temp\\rust_mozprofileavk9t3"
*** You are running in headless mode.
1598950938333	addons.webextension.doh-rollout@mozilla.org	WARN	Loading extension 'doh-rollout@mozilla.org': Reading manifest: Invalid extension permission: networkStatus
1598950939123	addons.webextension.screenshots@mozilla.org	WARN	Loading extension 'screenshots@mozilla.org': Reading manifest: Invalid extension permission: mozillaAddons
1598950939123	addons.webextension.screenshots@mozilla.org	WARN	Loading extension 'screenshots@mozilla.org': Reading manifest: Invalid extension permission: telemetry
1598950939124	addons.webextension.screenshots@mozilla.org	WARN	Loading extension 'screenshots@mozilla.org': Reading manifest: Invalid extension permission: resource://pdf.js/
1598950939124	addons.webextension.screenshots@mozilla.org	WARN	Loading extension 'screenshots@mozilla.org': Reading manifest: Invalid extension permission: about:reader*
JavaScript error: resource://gre/modules/XULStore.jsm, line 66: Error: Can't find profile directory.
1598950940551	Marionette	INFO	Listening on port 62564
1598950940977	Marionette	WARN	TLS certificate errors will be ignored for this session
JavaScript error: , line 0: NS_ERROR_NOT_AVAILABLE
: "C:\\Program Files\\Mozilla Firefox\\firefox.exe" "-marionette" "-headless" "-foreground" "-no-remote" "-profile" "C:\\Users\\franc\\AppData\\Local\\Temp\\rust_mozprofileiSjS46"
*** You are running in headless mode.
1598950955680	addons.webextension.doh-rollout@mozilla.org	WARN	Loading extension 'doh-rollout@mozilla.org': Reading manifest: Invalid extension permission: networkStatus
1598950956321	addons.webextension.screenshots@mozilla.org	WARN	Loading extension 'screenshots@mozilla.org': Reading manifest: Invalid extension permission: mozillaAddons
1598950956321	addons.webextension.screenshots@mozilla.org	WARN	Loading extension 'screenshots@mozilla.org': Reading manifest: Invalid extension permission: telemetry
1598950956321	addons.webextension.screenshots@mozilla.org	WARN	Loading extension 'screenshots@mozilla.org': Reading manifest: Invalid extension permission: resource://pdf.js/
1598950956321	addons.webextension.screenshots@mozilla.org	WARN	Loading extension 'screenshots@mozilla.org': Reading manifest: Invalid extension permission: about:reader*
JavaScript error: resource://gre/modules/XULStore.jsm, line 66: Error: Can't find profile directory.
1598950958484	Marionette	INFO	Listening on port 62723
1598950958862	Marionette	WARN	TLS certificate errors will be ignored for this session
JavaScript warning: https://pagead2.googlesyndication.com/bg/w3uW36kZ3iEz52fjwmSMTfWAeiBMgQCjgDc5TerGjFY.js line 1 > eval line 2215 > eval, line 1: WebGL warning: <Create>: Can't use WebGL in headless mode (https://bugzil.la/1375585).
JavaScript warning: https://pagead2.googlesyndication.com/bg/w3uW36kZ3iEz52fjwmSMTfWAeiBMgQCjgDc5TerGjFY.js line 1 > eval line 2215 > eval, line 1: Failed to create WebGL context: WebGL creation failed: 
* Can't use WebGL in headless mode (https://bugzil.la/1375585).
1598950965963	Marionette	INFO	Stopped listening on port 62723
1598951471017	mozrunner::runner	INFO	Running command: "C:\\Program Files\\Mozilla Firefox\\firefox.exe" "-marionette" "-headless" "-foreground" "-no-remote" "-profile" "C:\\Users\\franc\\AppData\\Local\\Temp\\rust_mozprofileRMUGw3"
*** You are running in headless mode.
1598951471461	addons.webextension.doh-rollout@mozilla.org	WARN	Loading extension 'doh-rollout@mozilla.org': Reading manifest: Invalid extension permission: networkStatus
1598951472041	addons.webextension.screenshots@mozilla.org	WARN	Loading extension 'screenshots@mozilla.org': Reading manifest: Invalid extension permission: mozillaAddons
1598951472041	addons.webextension.screenshots@mozilla.org	WARN	Loading extension 'screenshots@mozilla.org': Reading manifest: Invalid extension permission: telemetry
1598951472041	addons.webextension.screenshots@mozilla.org	WARN	Loading extension 'screenshots@mozilla.org': Reading manifest: Invalid extension permission: resource://pdf.js/
1598951472041	addons.webextension.screenshots@mozilla.org	WARN	Loading extension 'screenshots@mozilla.org': Reading manifest: Invalid extension permission: about:reader*
JavaScript error: resource://gre/modules/XULStore.jsm, line 66: Error: Can't find profile directory.
1598951473550	Marionette	INFO	Listening on port 65169
1598951473631	Marionette	WARN	TLS certificate errors will be ignored for this session
1598951481242	Marionette	INFO	Stopped listening on port 65169
1598951710654	mozrunner::runner	INFO	Running command: "C:\\Program Files\\Mozilla Firefox\\firefox.exe" "-marionette" "-headless" "-foreground" "-no-remote" "-profile" "C:\\Users\\franc\\AppData\\Local\\Temp\\rust_mozprofileH31wpB"
*** You are running in headless mode.
1598951711020	addons.webextension.doh-rollout@mozilla.org	WARN	Loading extension 'doh-rollout@mozilla.org': Reading manifest: Invalid extension permission: networkStatus
1598951711649	addons.webextension.screenshots@mozilla.org	WARN	Loading extension 'screenshots@mozilla.org': Reading manifest: Invalid extension permission: mozillaAddons
1598951711650	addons.webextension.screenshots@mozilla.org	WARN	Loading extension 'screenshots@mozilla.org': Reading manifest: Invalid extension permission: telemetry
1598951711650	addons.webextension.screenshots@mozilla.org	WARN	Loading extension 'screenshots@mozilla.org': Reading manifest: Invalid extension permission: resource://pdf.js/
1598951711650	addons.webextension.screenshots@mozilla.org	WARN	Loading extension 'screenshots@mozilla.org': Reading manifest: Invalid extension permission: about:reader*
JavaScript error: resource://gre/modules/XULStore.jsm, line 66: Error: Can't find profile directory.
1598951713179	Marionette	INFO	Listening on port 49534
1598951713271	Marionette	WARN	TLS certificate errors will be ignored for this session
1598951720461	Marionette	INFO	Stopped listening on port 49534
1598952219344	mozrunner::runner	INFO	Running command: "C:\\Program Files\\Mozilla Firefox\\firefox.exe" "-marionette" "-headless" "-foreground" "-no-remote" "-profile" "C:\\Users\\franc\\AppData\\Local\\Temp\\rust_mozprofileeQfo3r"
*** You are running in headless mode.
1598952219915	addons.webextension.doh-rollout@mozilla.org	WARN	Loading extension 'doh-rollout@mozilla.org': Reading manifest: Invalid extension permission: networkStatus
1598952220510	addons.webextension.screenshots@mozilla.org	WARN	Loading extension 'screenshots@mozilla.org': Reading manifest: Invalid extension permission: mozillaAddons
1598952220511	addons.webextension.screenshots@mozilla.org	WARN	Loading extension 'screenshots@mozilla.org': Reading manifest: Invalid extension permission: telemetry
1598952220511	addons.webextension.screenshots@mozilla.org	WARN	Loading extension 'screenshots@mozilla.org': Reading manifest: Invalid extension permission: resource://pdf.js/
1598952220511	addons.webextension.screenshots@mozilla.org	WARN	Loading extension 'screenshots@mozilla.org': Reading manifest: Invalid extension permission: about:reader*
JavaScript error: resource://gre/modules/XULStore.jsm, line 66: Error: Can't find profile directory.
1598952222094	Marionette	INFO	Listening on port 51677
1598952222473	Marionette	WARN	TLS certificate errors will be ignored for this session
JavaScript warning: https://pagead2.googlesyndication.com/bg/w3uW36kZ3iEz52fjwmSMTfWAeiBMgQCjgDc5TerGjFY.js line 1 > eval line 1294 > eval, line 1: WebGL warning: <Create>: Can't use WebGL in headless mode (https://bugzil.la/1375585).
JavaScript warning: https://pagead2.googlesyndication.com/bg/w3uW36kZ3iEz52fjwmSMTfWAeiBMgQCjgDc5TerGjFY.js line 1 > eval line 1294 > eval, line 1: Failed to create WebGL context: WebGL creation failed: 
* Can't use WebGL in headless mode (https://bugzil.la/1375585).
1598952229700	Marionette	INFO	Stopped listening on port 51677
1598952291917	mozrunner::runner	INFO	Running command: "C:\\Program Files\\Mozilla Firefox\\firefox.exe" "-marionette" "-headless" "-foreground" "-no-remote" "-profile" "C:\\Users\\franc\\AppData\\Local\\Temp\\rust_mozprofilepD7vC6"
*** You are running in headless mode.
1598952292256	addons.webextension.doh-rollout@mozilla.org	WARN	Loading extension 'doh-rollout@mozilla.org': Reading manifest: Invalid extension permission: networkStatus
1598952293026	addons.webextension.screenshots@mozilla.org	WARN	Loading extension 'screenshots@mozilla.org': Reading manifest: Invalid extension permission: mozillaAddons
1598952293026	addons.webextension.screenshots@mozilla.org	WARN	Loading extension 'screenshots@mozilla.org': Reading manifest: Invalid extension permission: telemetry
1598952293026	addons.webextension.screenshots@mozilla.org	WARN	Loading extension 'screenshots@mozilla.org': Reading manifest: Invalid extension permission: resource://pdf.js/
1598952293026	addons.webextension.screenshots@mozilla.org	WARN	Loading extension 'screenshots@mozilla.org': Reading manifest: Invalid extension permission: about:reader*
JavaScript error: resource://gre/modules/XULStore.jsm, line 66: Error: Can't find profile directory.
1598952294782	Marionette	INFO	Listening on port 51977
1598952295035	Marionette	WARN	TLS certificate errors will be ignored for this session
JavaScript warning: https://pagead2.googlesyndication.com/bg/w3uW36kZ3iEz52fjwmSMTfWAeiBMgQCjgDc5TerGjFY.js line 1 > eval line 7717 > eval, line 1: WebGL warning: <Create>: Can't use WebGL in headless mode (https://bugzil.la/1375585).
JavaScript warning: https://pagead2.googlesyndication.com/bg/w3uW36kZ3iEz52fjwmSMTfWAeiBMgQCjgDc5TerGjFY.js line 1 > eval line 7717 > eval, line 1: Failed to create WebGL context: WebGL creation failed: 
* Can't use WebGL in headless mode (https://bugzil.la/1375585).
1598952302413	Marionette	INFO	Stopped listening on port 51977
1598953492411	mozrunner::runner	INFO	Running command: "C:\\Program Files\\Mozilla Firefox\\firefox.exe" "-marionette" "-headless" "-foreground" "-no-remote" "-profile" "C:\\Users\\franc\\AppData\\Local\\Temp\\rust_mozprofileQ75eVv"
*** You are running in headless mode.
1598953492988	addons.webextension.doh-rollout@mozilla.org	WARN	Loading extension 'doh-rollout@mozilla.org': Reading manifest: Invalid extension permission: networkStatus
1598953493786	addons.webextension.screenshots@mozilla.org	WARN	Loading extension 'screenshots@mozilla.org': Reading manifest: Invalid extension permission: mozillaAddons
1598953493787	addons.webextension.screenshots@mozilla.org	WARN	Loading extension 'screenshots@mozilla.org': Reading manifest: Invalid extension permission: telemetry
1598953493787	addons.webextension.screenshots@mozilla.org	WARN	Loading extension 'screenshots@mozilla.org': Reading manifest: Invalid extension permission: resource://pdf.js/
1598953493787	addons.webextension.screenshots@mozilla.org	WARN	Loading extension 'screenshots@mozilla.org': Reading manifest: Invalid extension permission: about:reader*
JavaScript error: resource://gre/modules/XULStore.jsm, line 66: Error: Can't find profile directory.
1598953495654	Marionette	INFO	Listening on port 56044
1598953496028	Marionette	WARN	TLS certificate errors will be ignored for this session
JavaScript warning: https://pagead2.googlesyndication.com/bg/w3uW36kZ3iEz52fjwmSMTfWAeiBMgQCjgDc5TerGjFY.js line 1 > eval line 3935 > eval line 1 > eval, line 1: WebGL warning: <Create>: Can't use WebGL in headless mode (https://bugzil.la/1375585).
JavaScript warning: https://pagead2.googlesyndication.com/bg/w3uW36kZ3iEz52fjwmSMTfWAeiBMgQCjgDc5TerGjFY.js line 1 > eval line 3935 > eval line 1 > eval, line 1: Failed to create WebGL context: WebGL creation failed: 
* Can't use WebGL in headless mode (https://bugzil.la/1375585).
1598953504472	Marionette	INFO	Stopped listening on port 56044
1598953528689	mozrunner::runner	INFO	Running command: "C:\\Program Files\\Mozilla Firefox\\firefox.exe" "-marionette" "-headless" "-foreground" "-no-remote" "-profile" "C:\\Users\\franc\\AppData\\Local\\Temp\\rust_mozprofilebWhrlP"
*** You are running in headless mode.
1598953529340	addons.webextension.doh-rollout@mozilla.org	WARN	Loading extension 'doh-rollout@mozilla.org': Reading manifest: Invalid extension permission: networkStatus
1598953530013	addons.webextension.screenshots@mozilla.org	WARN	Loading extension 'screenshots@mozilla.org': Reading manifest: Invalid extension permission: mozillaAddons
1598953530013	addons.webextension.screenshots@mozilla.org	WARN	Loading extension 'screenshots@mozilla.org': Reading manifest: Invalid extension permission: telemetry
1598953530013	addons.webextension.screenshots@mozilla.org	WARN	Loading extension 'screenshots@mozilla.org': Reading manifest: Invalid extension permission: resource://pdf.js/
1598953530013	addons.webextension.screenshots@mozilla.org	WARN	Loading extension 'screenshots@mozilla.org': Reading manifest: Invalid extension permission: about:reader*
JavaScript error: resource://gre/modules/XULStore.jsm, line 66: Error: Can't find profile directory.
1598953532574	Marionette	INFO	Listening on port 56236
1598953532804	Marionette	WARN	TLS certificate errors will be ignored for this session
JavaScript warning: https://pagead2.googlesyndication.com/bg/w3uW36kZ3iEz52fjwmSMTfWAeiBMgQCjgDc5TerGjFY.js line 1 > eval line 7257 > eval line 1 > eval, line 1: WebGL warning: <Create>: Can't use WebGL in headless mode (https://bugzil.la/1375585).
JavaScript warning: https://pagead2.googlesyndication.com/bg/w3uW36kZ3iEz52fjwmSMTfWAeiBMgQCjgDc5TerGjFY.js line 1 > eval line 7257 > eval line 1 > eval, line 1: Failed to create WebGL context: WebGL creation failed: 
* Can't use WebGL in headless mode (https://bugzil.la/1375585).
1598953540915	Marionette	INFO	Stopped listening on port 56236
